[0.628s] Invoking command in '/home/kartik/li_bot/src/li_bot_bringup': DEBUGINFOD_URLS=https://debuginfod.ubuntu.com PYTHONPATH=/home/kartik/li_bot/build/li_bot_bringup/prefix_override:/usr/lib/python3/dist-packages/colcon_core/task/python/colcon_distutils_commands:/home/kartik/li_bot/install/li_bot_bringup/lib/python3.12/site-packages:${PYTHONPATH} /usr/bin/python3 -W ignore:setup.py install is deprecated -W ignore:easy_install command is deprecated setup.py egg_info --egg-base ../../build/li_bot_bringup build --build-base /home/kartik/li_bot/build/li_bot_bringup/build install --record /home/kartik/li_bot/build/li_bot_bringup/install.log --single-version-externally-managed install_data
[0.818s] running egg_info
[0.832s] writing ../../build/li_bot_bringup/li_bot_bringup.egg-info/PKG-INFO
[0.833s] writing dependency_links to ../../build/li_bot_bringup/li_bot_bringup.egg-info/dependency_links.txt
[0.833s] writing requirements to ../../build/li_bot_bringup/li_bot_bringup.egg-info/requires.txt
[0.833s] writing top-level names to ../../build/li_bot_bringup/li_bot_bringup.egg-info/top_level.txt
[0.862s] reading manifest file '../../build/li_bot_bringup/li_bot_bringup.egg-info/SOURCES.txt'
[0.863s] writing manifest file '../../build/li_bot_bringup/li_bot_bringup.egg-info/SOURCES.txt'
[0.863s] running build
[0.863s] running build_py
[0.863s] running install
[0.867s] running install_lib
[0.881s] running install_data
[0.881s] copying config/ekf_imu.yaml -> /home/kartik/li_bot/install/li_bot_bringup/share/li_bot_bringup/config
[0.882s] running install_egg_info
[0.896s] removing '/home/kartik/li_bot/install/li_bot_bringup/lib/python3.12/site-packages/li_bot_bringup-0.1.0-py3.12.egg-info' (and everything under it)
[0.896s] Copying ../../build/li_bot_bringup/li_bot_bringup.egg-info to /home/kartik/li_bot/install/li_bot_bringup/lib/python3.12/site-packages/li_bot_bringup-0.1.0-py3.12.egg-info
[0.897s] running install_scripts
[1.003s] writing list of installed files to '/home/kartik/li_bot/build/li_bot_bringup/install.log'
[1.034s] Invoked command in '/home/kartik/li_bot/src/li_bot_bringup' returned '0': DEBUGINFOD_URLS=https://debuginfod.ubuntu.com PYTHONPATH=/home/kartik/li_bot/build/li_bot_bringup/prefix_override:/usr/lib/python3/dist-packages/colcon_core/task/python/colcon_distutils_commands:/home/kartik/li_bot/install/li_bot_bringup/lib/python3.12/site-packages:${PYTHONPATH} /usr/bin/python3 -W ignore:setup.py install is deprecated -W ignore:easy_install command is deprecated setup.py egg_info --egg-base ../../build/li_bot_bringup build --build-base /home/kartik/li_bot/build/li_bot_bringup/build install --record /home/kartik/li_bot/build/li_bot_bringup/install.log --single-version-externally-managed install_data
