======================================================================
  LOW-LEVEL MOTOR CONTROLLER (C++)
======================================================================
  CAN interface : can0
  CMD/RPM       : 4145.0
  UDP listen    : port 5001
  UDP send      : 192.168.0.20:5002
  Control rate  : 50 Hz
  Encoder rate  : 20 Hz
======================================================================
[CAN] Opened can0
[ENC] Encoder feedback started at 20 Hz → 192.168.0.20:5002
[CTRL] Motor control loop started at 50 Hz
[UDP RX] Listening on port 5001
[RPM] L=0.00 R=-0.00 (enc L=3 R=3)
[RPM] L=0.00 R=-0.00 (enc L=3 R=3)
[RPM] L=0.00 R=-0.00 (enc L=3 R=3)
[RPM] L=0.00 R=-0.00 (enc L=3 R=3)
[RPM] L=0.00 R=-0.00 (enc L=3 R=3)
[RPM] L=0.00 R=-0.00 (enc L=3 R=3)
[RPM] L=0.00 R=-0.00 (enc L=3 R=3)
[RPM] L=0.00 R=-0.00 (enc L=3 R=3)
[RPM] L=0.00 R=-0.00 (enc L=3 R=3)
[RPM] L=0.00 R=-0.00 (enc L=3 R=3)
[RPM] L=0.00 R=-0.00 (enc L=3 R=3)
[UDP RX] L=0.0 R=0.0 RPM
[UDP RX] L=0.0 R=0.0 RPM
[UDP RX] L=0.0 R=0.0 RPM
[UDP RX] L=0.0 R=0.0 RPM
[UDP RX] L=0.0 R=0.0 RPM
[UDP RX] L=0.0 R=0.0 RPM
[UDP RX] L=0.0 R=0.0 RPM
[UDP RX] L=0.0 R=0.0 RPM
[UDP RX] L=0.0 R=0.0 RPM
[UDP RX] L=0.0 R=0.0 RPM
[UDP RX] L=0.0 R=0.0 RPM
[UDP RX] L=0.0 R=0.0 RPM
[UDP RX] L=0.0 R=0.0 RPM
[RPM] L=0.00 R=-0.00 (enc L=3 R=3)
[UDP RX] L=0.0 R=0.0 RPM
[UDP RX] L=0.0 R=0.0 RPM
[UDP RX] L=0.0 R=0.0 RPM
[UDP RX] L=0.0 R=0.0 RPM
[UDP RX] L=0.0 R=0.0 RPM
[UDP RX] L=0.0 R=0.0 RPM
[UDP RX] L=0.0 R=0.0 RPM
[UDP RX] L=0.0 R=0.0 RPM
[UDP RX] L=0.0 R=0.0 RPM
[UDP RX] L=0.0 R=0.0 RPM
[UDP RX] L=0.0 R=0.0 RPM
[UDP RX] L=0.0 R=0.0 RPM
[UDP RX] L=0.0 R=0.0 RPM
[UDP RX] L=0.0 R=0.0 RPM
[UDP RX] L=0.0 R=0.0 RPM
[UDP RX] L=0.0 R=0.0 RPM
[UDP RX] L=0.0 R=0.0 RPM
[UDP RX] L=0.0 R=0.0 RPM
[UDP RX] L=0.0 R=0.0 RPM
[UDP RX] L=0.0 R=0.0 RPM
[UDP RX] L=0.0 R=0.0 RPM
[UDP RX] L=0.0 R=0.0 RPM
[UDP RX] L=0.0 R=0.0 RPM
[UDP RX] L=0.0 R=0.0 RPM
[UDP RX] L=0.0 R=0.0 RPM
[RPM] L=0.00 R=-0.00 (enc L=3 R=3)
[UDP RX] L=0.0 R=0.0 RPM
[UDP RX] L=-0.6 R=-0.6 RPM
[UDP RX] L=-1.8 R=-1.8 RPM
[UDP RX] L=-3.0 R=-3.0 RPM
[UDP RX] L=-4.2 R=-4.2 RPM
[UDP RX] L=-5.0 R=-5.0 RPM
[UDP RX] L=-5.6 R=-5.6 RPM
[UDP RX] L=-6.4 R=-6.4 RPM
[UDP RX] L=-7.2 R=-7.2 RPM
[UDP RX] L=-7.8 R=-7.8 RPM
[UDP RX] L=-9.2 R=-9.2 RPM
[UDP RX] L=-10.9 R=-10.9 RPM
[UDP RX] L=-13.8 R=-13.8 RPM
[UDP RX] L=-16.5 R=-16.5 RPM
[UDP RX] L=-18.8 R=-18.8 RPM
[UDP RX] L=-22.0 R=-22.0 RPM
[UDP RX] L=-25.0 R=-25.0 RPM
[UDP RX] L=-27.9 R=-27.9 RPM
[UDP RX] L=-30.8 R=-30.8 RPM
[UDP RX] L=-33.6 R=-33.6 RPM
[UDP RX] L=-35.4 R=-35.4 RPM
[UDP RX] L=-36.7 R=-36.7 RPM
[UDP RX] L=-37.6 R=-37.6 RPM
[UDP RX] L=-38.2 R=-38.2 RPM
[UDP RX] L=-38.7 R=-38.7 RPM
[RPM] L=37.93 R=37.77 (enc L=4706 R=-4671)
[UDP RX] L=-39.0 R=-39.0 RPM
[UDP RX] L=-38.9 R=-38.9 RPM
[UDP RX] L=-37.3 R=-37.3 RPM
[UDP RX] L=-34.8 R=-34.8 RPM
[UDP RX] L=-31.9 R=-31.9 RPM
[UDP RX] L=-26.1 R=-26.1 RPM
[UDP RX] L=-20.2 R=-20.2 RPM
[UDP RX] L=-14.6 R=-14.6 RPM
[UDP RX] L=-10.1 R=-10.1 RPM
[UDP RX] L=-7.0 R=-7.0 RPM
[UDP RX] L=-4.9 R=-4.9 RPM
[UDP RX] L=-3.4 R=-3.4 RPM
[UDP RX] L=-2.4 R=-2.4 RPM
[UDP RX] L=-1.6 R=-1.6 RPM
[UDP RX] L=-1.1 R=-1.1 RPM
[UDP RX] L=-0.8 R=-0.8 RPM
[UDP RX] L=-0.5 R=-0.5 RPM
[UDP RX] L=-0.4 R=-0.4 RPM
[UDP RX] L=-0.3 R=-0.3 RPM
[UDP RX] L=-0.2 R=-0.2 RPM
[UDP RX] L=-0.1 R=-0.1 RPM
[UDP RX] L=-0.1 R=-0.1 RPM
[UDP RX] L=-0.1 R=-0.1 RPM
[UDP RX] L=-0.0 R=-0.0 RPM
[UDP RX] L=-0.0 R=-0.0 RPM
[RPM] L=0.00 R=-0.00 (enc L=8763 R=-8678)
[UDP RX] L=-0.0 R=-0.0 RPM
[UDP RX] L=-0.0 R=-0.0 RPM
[UDP RX] L=-0.0 R=-0.0 RPM
[UDP RX] L=-0.0 R=-0.0 RPM
[UDP RX] L=-0.0 R=-0.0 RPM
[UDP RX] L=-0.0 R=-0.0 RPM
[UDP RX] L=-0.0 R=-0.0 RPM
[UDP RX] L=-0.0 R=-0.0 RPM
[UDP RX] L=-0.0 R=-0.0 RPM
[UDP RX] L=-0.0 R=-0.0 RPM
[UDP RX] L=-0.0 R=-0.0 RPM
[UDP RX] L=-0.0 R=-0.0 RPM
[UDP RX] L=-0.0 R=-0.0 RPM
[UDP RX] L=2.6 R=2.6 RPM
[UDP RX] L=7.6 R=7.6 RPM
[UDP RX] L=12.6 R=12.6 RPM
[UDP RX] L=18.5 R=18.5 RPM
[UDP RX] L=23.7 R=23.7 RPM
[UDP RX] L=28.2 R=28.2 RPM
[UDP RX] L=31.6 R=31.6 RPM
[UDP RX] L=34.0 R=34.0 RPM
[UDP RX] L=35.7 R=35.7 RPM
[UDP RX] L=37.0 R=37.0 RPM
[UDP RX] L=37.8 R=37.8 RPM
[UDP RX] L=38.4 R=38.4 RPM
[RPM] L=-37.15 R=-37.19 (enc L=5657 R=-5574)
[UDP RX] L=38.9 R=38.9 RPM
[UDP RX] L=39.2 R=39.2 RPM
[UDP RX] L=39.4 R=39.4 RPM
[UDP RX] L=39.5 R=39.5 RPM
[UDP RX] L=39.6 R=39.6 RPM
[UDP RX] L=39.7 R=39.7 RPM
[UDP RX] L=39.8 R=39.8 RPM
[UDP RX] L=39.8 R=39.8 RPM
[UDP RX] L=39.8 R=39.8 RPM
[UDP RX] L=39.8 R=39.8 RPM
[UDP RX] L=39.8 R=39.8 RPM
[UDP RX] L=39.8 R=39.8 RPM
[UDP RX] L=39.9 R=39.9 RPM
[UDP RX] L=39.9 R=39.9 RPM
[UDP RX] L=39.9 R=39.9 RPM
[UDP RX] L=39.9 R=39.9 RPM
[UDP RX] L=39.9 R=39.9 RPM
[UDP RX] L=39.9 R=39.9 RPM
[UDP RX] L=39.9 R=39.9 RPM
[UDP RX] L=39.9 R=39.9 RPM
[UDP RX] L=39.9 R=39.9 RPM
[UDP RX] L=39.9 R=39.9 RPM
[UDP RX] L=39.9 R=39.9 RPM
[UDP RX] L=37.1 R=37.1 RPM
[UDP RX] L=30.5 R=30.5 RPM
[RPM] L=-39.54 R=-39.54 (enc L=-6635 R=6712)
[UDP RX] L=22.2 R=22.2 RPM
[UDP RX] L=15.4 R=15.4 RPM
[UDP RX] L=10.7 R=10.7 RPM
[UDP RX] L=7.4 R=7.4 RPM
[UDP RX] L=5.2 R=5.2 RPM
[UDP RX] L=3.6 R=3.6 RPM
[UDP RX] L=2.5 R=2.5 RPM
[UDP RX] L=1.7 R=1.7 RPM
[UDP RX] L=-1.6 R=-1.6 RPM
[UDP RX] L=-4.7 R=-4.7 RPM
[UDP RX] L=-11.1 R=-11.1 RPM
[UDP RX] L=-19.1 R=-19.1 RPM
[UDP RX] L=-25.5 R=-25.5 RPM
[UDP RX] L=-29.9 R=-29.9 RPM
[UDP RX] L=-33.0 R=-33.0 RPM
[UDP RX] L=-35.1 R=-35.1 RPM
[UDP RX] L=-36.5 R=-36.5 RPM
[UDP RX] L=-37.5 R=-37.5 RPM
[UDP RX] L=-38.1 R=-38.1 RPM
[UDP RX] L=-38.5 R=-38.5 RPM
[UDP RX] L=-32.2 R=-32.2 RPM
[UDP RX] L=-22.4 R=-22.4 RPM
[UDP RX] L=-15.5 R=-15.5 RPM
[UDP RX] L=-10.8 R=-10.8 RPM
[UDP RX] L=-7.5 R=-7.5 RPM
[RPM] L=19.31 R=19.05 (enc L=-3258 R=3333)
[UDP RX] L=-5.2 R=-5.2 RPM
[UDP RX] L=-3.6 R=-3.6 RPM
[UDP RX] L=-2.5 R=-2.5 RPM
[UDP RX] L=-1.7 R=-1.7 RPM
[UDP RX] L=-1.2 R=-1.2 RPM
[UDP RX] L=-1.0 R=-1.0 RPM
[UDP RX] L=-0.6 R=-0.6 RPM
[UDP RX] L=-0.4 R=-0.4 RPM
[UDP RX] L=-0.3 R=-0.3 RPM
[UDP RX] L=-0.2 R=-0.2 RPM
[UDP RX] L=-0.1 R=-0.1 RPM
[UDP RX] L=-0.1 R=-0.1 RPM
[UDP RX] L=-0.1 R=-0.1 RPM
[UDP RX] L=-0.0 R=-0.0 RPM
[UDP RX] L=-0.0 R=-0.0 RPM
[UDP RX] L=-0.0 R=-0.0 RPM
[UDP RX] L=-0.0 R=-0.0 RPM
[UDP RX] L=-0.0 R=-0.0 RPM
[UDP RX] L=-0.0 R=-0.0 RPM
[UDP RX] L=-0.0 R=-0.0 RPM
[UDP RX] L=-0.0 R=-0.0 RPM
[UDP RX] L=-0.0 R=-0.0 RPM
[UDP RX] L=-0.0 R=-0.0 RPM
[UDP RX] L=-0.0 R=-0.0 RPM
[UDP RX] L=-0.0 R=-0.0 RPM
[RPM] L=0.00 R=-0.00 (enc L=-2978 R=3062)
[UDP RX] L=-0.0 R=-0.0 RPM
[UDP RX] L=-0.0 R=-0.0 RPM
[UDP RX] L=-0.0 R=-0.0 RPM
[UDP RX] L=-0.0 R=-0.0 RPM
[UDP RX] L=-0.0 R=-0.0 RPM
[UDP RX] L=-0.0 R=-0.0 RPM
[UDP RX] L=-0.0 R=-0.0 RPM
[UDP RX] L=-0.0 R=-0.0 RPM
[UDP RX] L=-0.0 R=-0.0 RPM
[UDP RX] L=-0.0 R=-0.0 RPM
[UDP RX] L=-0.0 R=-0.0 RPM
[UDP RX] L=-0.0 R=-0.0 RPM
[UDP RX] L=-0.0 R=-0.0 RPM
[UDP RX] L=-0.0 R=-0.0 RPM
[UDP RX] L=-0.0 R=-0.0 RPM
[UDP RX] L=-0.0 R=-0.0 RPM
[UDP RX] L=-0.0 R=-0.0 RPM
[UDP RX] L=-0.0 R=-0.0 RPM
[UDP RX] L=-0.0 R=-0.0 RPM
[UDP RX] L=-0.0 R=-0.0 RPM
[UDP RX] L=-0.0 R=-0.0 RPM
[UDP RX] L=-0.0 R=-0.0 RPM
[UDP RX] L=-0.0 R=-0.0 RPM
[UDP RX] L=-0.0 R=-0.0 RPM
[UDP RX] L=-0.0 R=-0.0 RPM
[RPM] L=0.00 R=-0.00 (enc L=-2978 R=3062)
[UDP RX] L=-0.0 R=-0.0 RPM
[UDP RX] L=-0.0 R=-0.0 RPM
[UDP RX] L=-0.0 R=-0.0 RPM
[UDP RX] L=-0.0 R=-0.0 RPM
[UDP RX] L=-0.0 R=-0.0 RPM
[UDP RX] L=-0.0 R=-0.0 RPM
[UDP RX] L=-0.0 R=-0.0 RPM
[UDP RX] L=-0.0 R=-0.0 RPM
[UDP RX] L=-0.0 R=-0.0 RPM
[UDP RX] L=-0.0 R=-0.0 RPM
[UDP RX] L=-0.0 R=-0.0 RPM
[UDP RX] L=-0.0 R=-0.0 RPM
[UDP RX] L=-0.0 R=-0.0 RPM
[UDP RX] L=-0.0 R=-0.0 RPM
[UDP RX] L=-0.0 R=-0.0 RPM
[UDP RX] L=-0.0 R=-0.0 RPM
[UDP RX] L=-0.0 R=-0.0 RPM
[UDP RX] L=-0.0 R=-0.0 RPM
[UDP RX] L=-0.0 R=-0.0 RPM
[UDP RX] L=-0.0 R=-0.0 RPM
[UDP RX] L=-0.0 R=-0.0 RPM
[UDP RX] L=-0.0 R=-0.0 RPM
[UDP RX] L=-0.0 R=-0.0 RPM
[UDP RX] L=-0.0 R=-0.0 RPM
[UDP RX] L=-0.0 R=-0.0 RPM
[RPM] L=0.00 R=-0.00 (enc L=-2979 R=3062)
[UDP RX] L=-0.0 R=-0.0 RPM
[UDP RX] L=-0.0 R=-0.0 RPM
[UDP RX] L=-0.0 R=-0.0 RPM
[UDP RX] L=-0.0 R=-0.0 RPM
[UDP RX] L=-0.0 R=-0.0 RPM
[UDP RX] L=-0.0 R=-0.0 RPM
[UDP RX] L=-0.0 R=-0.0 RPM
[UDP RX] L=-0.0 R=-0.0 RPM
[UDP RX] L=-0.0 R=-0.0 RPM
[UDP RX] L=-0.0 R=-0.0 RPM
[UDP RX] L=-0.0 R=-0.0 RPM
[UDP RX] L=-0.0 R=-0.0 RPM
[UDP RX] L=-0.0 R=-0.0 RPM
[UDP RX] L=-0.0 R=-0.0 RPM
[UDP RX] L=-0.0 R=-0.0 RPM
[UDP RX] L=-0.0 R
[!] Emergency stop!
=-0.0 RPM
[UDP RX] L=-0.0 R=-0.0 RPM
[UDP RX] L=-0.0 R=-0.0 RPM
[UDP RX] L=-0.0 R=-0.0 RPM
[UDP RX] L=-0.0 R=-0.0 RPM
[UDP RX] L=-0.0 R=-0.0 RPM
[UDP RX] L=-0.0 R=-0.0 RPM
[UDP RX] L=-0.0 R=-0.0 RPM
[UDP RX] L=-0.0 R=-0.0 RPM
[UDP RX] L=-0.0 R=-0.0 RPM
[RPM] L=0.00 R=-0.00 (enc L=-2979 R=3062)
[UDP RX] L=-0.0 R=-0.0 RPM
[UDP RX] L=-0.0 R=-0.0 RPM
[UDP RX] L=-0.0 R=-0.0 RPM
[UDP RX] L=-0.0 R=-0.0 RPM
[UDP RX] L=-0.0 R=-0.0 RPM
[UDP RX] L=-0.0 R=-0.0 RPM
[UDP RX] L=-0.0 R=-0.0 RPM
[UDP RX] L=-0.0 R=-0.0 RPM
[UDP RX] L=-0.0 R=-0.0 RPM
[UDP RX] L=-0.0 R=-0.0 RPM
[UDP RX] L=-0.0 R=-0.0 RPM
[UDP RX] L=-0.0 R=-0.0 RPM
[UDP RX] L=-0.0 R=-0.0 RPM
[UDP RX] L=-0.0 R=-0.0 RPM
[UDP RX] L=-0.0 R=-0.0 RPM
[UDP RX] L=-0.0 R=-0.0 RPM
[UDP RX] L=-0.0 R=-0.0 RPM
[UDP RX] L=-0.0 R=-0.0 RPM
[UDP RX] L=-0.0 R=-0.0 RPM
[UDP RX] L=-0.0 R=-0.0 RPM
[UDP RX] L=-0.0 R=-0.0 RPM
[UDP RX] L=-0.0 R=-0.0 RPM
[UDP RX] L=-0.0 R=-0.0 RPM
[UDP RX] L=-0.0 R=-0.0 RPM
[UDP RX] L=-0.0 R=-0.0 RPM
[RPM] L=0.00 R=-0.00 (enc L=-2979 R=3062)
[UDP RX] L=-0.0 R=-0.0 RPM
[RPM] L=0.00 R=-0.00 (enc L=-2979 R=3062)
[RPM] L=0.00 R=-0.00 (enc L=-2979 R=3062)
[RPM] L=0.00 R=-0.00 (enc L=-2979 R=3062)

✓ Shutdown complete
