running develop
running egg_info
writing li_bot_bringup.egg-info/PKG-INFO
writing dependency_links to li_bot_bringup.egg-info/dependency_links.txt
writing requirements to li_bot_bringup.egg-info/requires.txt
writing top-level names to li_bot_bringup.egg-info/top_level.txt
reading manifest file 'li_bot_bringup.egg-info/SOURCES.txt'
writing manifest file 'li_bot_bringup.egg-info/SOURCES.txt'
running build_ext
Creating /home/kartik/li_bot/install/li_bot_bringup/lib/python3.12/site-packages/li-bot-bringup.egg-link (link to .)

Installed /home/kartik/li_bot/build/li_bot_bringup
running symlink_data
symbolically linking /home/kartik/li_bot/build/li_bot_bringup/resource/li_bot_bringup -> /home/kartik/li_bot/install/li_bot_bringup/share/ament_index/resource_index/packages
symbolically linking /home/kartik/li_bot/build/li_bot_bringup/package.xml -> /home/kartik/li_bot/install/li_bot_bringup/share/li_bot_bringup
symbolically linking /home/kartik/li_bot/build/li_bot_bringup/launch/bringup_sensors.launch.py -> /home/kartik/li_bot/install/li_bot_bringup/share/li_bot_bringup/launch
symbolically linking /home/kartik/li_bot/build/li_bot_bringup/launch/slam_async.launch.py -> /home/kartik/li_bot/install/li_bot_bringup/share/li_bot_bringup/launch
symbolically linking /home/kartik/li_bot/build/li_bot_bringup/launch/bringup_state_estimation.launch.py -> /home/kartik/li_bot/install/li_bot_bringup/share/li_bot_bringup/launch
symbolically linking /home/kartik/li_bot/build/li_bot_bringup/launch/bringup_full.launch.py -> /home/kartik/li_bot/install/li_bot_bringup/share/li_bot_bringup/launch
symbolically linking /home/kartik/li_bot/build/li_bot_bringup/launch/static_tfs.launch.py -> /home/kartik/li_bot/install/li_bot_bringup/share/li_bot_bringup/launch
symbolically linking /home/kartik/li_bot/build/li_bot_bringup/config/slam_config.yaml -> /home/kartik/li_bot/install/li_bot_bringup/share/li_bot_bringup/config
symbolically linking /home/kartik/li_bot/build/li_bot_bringup/config/ekf_imu.yaml -> /home/kartik/li_bot/install/li_bot_bringup/share/li_bot_bringup/config
symbolically linking /home/kartik/li_bot/build/li_bot_bringup/rviz/bringup.rviz -> /home/kartik/li_bot/install/li_bot_bringup/share/li_bot_bringup/rviz
