[0.101s] DEBUG:colcon:Command line arguments: ['/usr/bin/colcon', 'build', '--symlink-install']
[0.101s] DEBUG:colcon:Parsed command line arguments: Namespace(log_base=None, log_level=None, verb_name='build', build_base='build', install_base='install', merge_install=False, symlink_install=True, test_result_base=None, continue_on_error=False, executor='parallel', parallel_workers=16, event_handlers=None, ignore_user_meta=False, metas=['./colcon.meta'], base_paths=['.'], packages_ignore=None, packages_ignore_regex=None, paths=None, packages_up_to=None, packages_up_to_regex=None, packages_above=None, packages_above_and_dependencies=None, packages_above_depth=None, packages_select_by_dep=None, packages_skip_by_dep=None, packages_skip_up_to=None, packages_select_build_failed=False, packages_skip_build_finished=False, packages_select_test_failures=False, packages_skip_test_passed=False, packages_select=None, packages_skip=None, packages_select_regex=None, packages_skip_regex=None, packages_start=None, packages_end=None, allow_overriding=[], cmake_args=None, cmake_target=None, cmake_target_skip_unavailable=False, cmake_clean_cache=False, cmake_clean_first=False, cmake_force_configure=False, ament_cmake_args=None, catkin_cmake_args=None, catkin_skip_building_tests=False, verb_parser=<colcon_defaults.argument_parser.defaults.DefaultArgumentsDecorator object at 0x7ca1692f06b0>, verb_extension=<colcon_core.verb.build.BuildVerb object at 0x7ca1692f0470>, main=<bound method BuildVerb.main of <colcon_core.verb.build.BuildVerb object at 0x7ca1692f0470>>)
[0.141s] Level 1:colcon.colcon_core.package_discovery:discover_packages(colcon_meta) check parameters
[0.141s] Level 1:colcon.colcon_core.package_discovery:discover_packages(recursive) check parameters
[0.141s] Level 1:colcon.colcon_core.package_discovery:discover_packages(ignore) check parameters
[0.141s] Level 1:colcon.colcon_core.package_discovery:discover_packages(path) check parameters
[0.141s] Level 1:colcon.colcon_core.package_discovery:discover_packages(colcon_meta) discover
[0.141s] Level 1:colcon.colcon_core.package_discovery:discover_packages(recursive) discover
[0.141s] INFO:colcon.colcon_core.package_discovery:Crawling recursively for packages in '/home/kartik/li_bot'
[0.141s] Level 1:colcon.colcon_core.package_identification:_identify(.) by extensions ['ignore', 'ignore_ament_install']
[0.141s] Level 1:colcon.colcon_core.package_identification:_identify(.) by extension 'ignore'
[0.141s] Level 1:colcon.colcon_core.package_identification:_identify(.) by extension 'ignore_ament_install'
[0.141s] Level 1:colcon.colcon_core.package_identification:_identify(.) by extensions ['colcon_pkg']
[0.141s] Level 1:colcon.colcon_core.package_identification:_identify(.) by extension 'colcon_pkg'
[0.141s] Level 1:colcon.colcon_core.package_identification:_identify(.) by extensions ['colcon_meta']
[0.141s] Level 1:colcon.colcon_core.package_identification:_identify(.) by extension 'colcon_meta'
[0.141s] Level 1:colcon.colcon_core.package_identification:_identify(.) by extensions ['ros']
[0.141s] Level 1:colcon.colcon_core.package_identification:_identify(.) by extension 'ros'
[0.166s] Level 1:colcon.colcon_core.package_identification:_identify(.) by extensions ['cmake', 'python']
[0.166s] Level 1:colcon.colcon_core.package_identification:_identify(.) by extension 'cmake'
[0.166s] Level 1:colcon.colcon_core.package_identification:_identify(.) by extension 'python'
[0.166s] Level 1:colcon.colcon_core.package_identification:_identify(.) by extensions ['python_setup_py']
[0.166s] Level 1:colcon.colcon_core.package_identification:_identify(.) by extension 'python_setup_py'
[0.166s] Level 1:colcon.colcon_core.package_identification:_identify(build) by extensions ['ignore', 'ignore_ament_install']
[0.167s] Level 1:colcon.colcon_core.package_identification:_identify(build) by extension 'ignore'
[0.167s] Level 1:colcon.colcon_core.package_identification:_identify(build) ignored
[0.167s] Level 1:colcon.colcon_core.package_identification:_identify(install) by extensions ['ignore', 'ignore_ament_install']
[0.167s] Level 1:colcon.colcon_core.package_identification:_identify(install) by extension 'ignore'
[0.167s] Level 1:colcon.colcon_core.package_identification:_identify(install) ignored
[0.167s] Level 1:colcon.colcon_core.package_identification:_identify(log) by extensions ['ignore', 'ignore_ament_install']
[0.167s] Level 1:colcon.colcon_core.package_identification:_identify(log) by extension 'ignore'
[0.167s] Level 1:colcon.colcon_core.package_identification:_identify(log) ignored
[0.167s] Level 1:colcon.colcon_core.package_identification:_identify(src) by extensions ['ignore', 'ignore_ament_install']
[0.167s] Level 1:colcon.colcon_core.package_identification:_identify(src) by extension 'ignore'
[0.167s] Level 1:colcon.colcon_core.package_identification:_identify(src) by extension 'ignore_ament_install'
[0.167s] Level 1:colcon.colcon_core.package_identification:_identify(src) by extensions ['colcon_pkg']
[0.167s] Level 1:colcon.colcon_core.package_identification:_identify(src) by extension 'colcon_pkg'
[0.167s] Level 1:colcon.colcon_core.package_identification:_identify(src) by extensions ['colcon_meta']
[0.167s] Level 1:colcon.colcon_core.package_identification:_identify(src) by extension 'colcon_meta'
[0.167s] Level 1:colcon.colcon_core.package_identification:_identify(src) by extensions ['ros']
[0.167s] Level 1:colcon.colcon_core.package_identification:_identify(src) by extension 'ros'
[0.167s] Level 1:colcon.colcon_core.package_identification:_identify(src) by extensions ['cmake', 'python']
[0.167s] Level 1:colcon.colcon_core.package_identification:_identify(src) by extension 'cmake'
[0.167s] Level 1:colcon.colcon_core.package_identification:_identify(src) by extension 'python'
[0.167s] Level 1:colcon.colcon_core.package_identification:_identify(src) by extensions ['python_setup_py']
[0.167s] Level 1:colcon.colcon_core.package_identification:_identify(src) by extension 'python_setup_py'
[0.167s] Level 1:colcon.colcon_core.package_identification:_identify(src/li_bot_bringup) by extensions ['ignore', 'ignore_ament_install']
[0.168s] Level 1:colcon.colcon_core.package_identification:_identify(src/li_bot_bringup) by extension 'ignore'
[0.168s] Level 1:colcon.colcon_core.package_identification:_identify(src/li_bot_bringup) by extension 'ignore_ament_install'
[0.168s] Level 1:colcon.colcon_core.package_identification:_identify(src/li_bot_bringup) by extensions ['colcon_pkg']
[0.168s] Level 1:colcon.colcon_core.package_identification:_identify(src/li_bot_bringup) by extension 'colcon_pkg'
[0.168s] Level 1:colcon.colcon_core.package_identification:_identify(src/li_bot_bringup) by extensions ['colcon_meta']
[0.168s] Level 1:colcon.colcon_core.package_identification:_identify(src/li_bot_bringup) by extension 'colcon_meta'
[0.168s] Level 1:colcon.colcon_core.package_identification:_identify(src/li_bot_bringup) by extensions ['ros']
[0.168s] Level 1:colcon.colcon_core.package_identification:_identify(src/li_bot_bringup) by extension 'ros'
[0.170s] DEBUG:colcon.colcon_core.package_identification:Package 'src/li_bot_bringup' with type 'ros.ament_python' and name 'li_bot_bringup'
[0.170s] Level 1:colcon.colcon_core.package_identification:_identify(src/libot) by extensions ['ignore', 'ignore_ament_install']
[0.170s] Level 1:colcon.colcon_core.package_identification:_identify(src/libot) by extension 'ignore'
[0.170s] Level 1:colcon.colcon_core.package_identification:_identify(src/libot) by extension 'ignore_ament_install'
[0.170s] Level 1:colcon.colcon_core.package_identification:_identify(src/libot) by extensions ['colcon_pkg']
[0.170s] Level 1:colcon.colcon_core.package_identification:_identify(src/libot) by extension 'colcon_pkg'
[0.170s] Level 1:colcon.colcon_core.package_identification:_identify(src/libot) by extensions ['colcon_meta']
[0.170s] Level 1:colcon.colcon_core.package_identification:_identify(src/libot) by extension 'colcon_meta'
[0.170s] Level 1:colcon.colcon_core.package_identification:_identify(src/libot) by extensions ['ros']
[0.170s] Level 1:colcon.colcon_core.package_identification:_identify(src/libot) by extension 'ros'
[0.171s] Level 1:colcon.colcon_core.package_identification:_identify(src/libot) by extensions ['cmake', 'python']
[0.171s] Level 1:colcon.colcon_core.package_identification:_identify(src/libot) by extension 'cmake'
[0.171s] Level 1:colcon.colcon_core.package_identification:_identify(src/libot) by extension 'python'
[0.171s] Level 1:colcon.colcon_core.package_identification:_identify(src/libot) by extensions ['python_setup_py']
[0.171s] Level 1:colcon.colcon_core.package_identification:_identify(src/libot) by extension 'python_setup_py'
[0.171s] Level 1:colcon.colcon_core.package_identification:_identify(src/libot/doc) by extensions ['ignore', 'ignore_ament_install']
[0.171s] Level 1:colcon.colcon_core.package_identification:_identify(src/libot/doc) by extension 'ignore'
[0.171s] Level 1:colcon.colcon_core.package_identification:_identify(src/libot/doc) by extension 'ignore_ament_install'
[0.171s] Level 1:colcon.colcon_core.package_identification:_identify(src/libot/doc) by extensions ['colcon_pkg']
[0.171s] Level 1:colcon.colcon_core.package_identification:_identify(src/libot/doc) by extension 'colcon_pkg'
[0.171s] Level 1:colcon.colcon_core.package_identification:_identify(src/libot/doc) by extensions ['colcon_meta']
[0.171s] Level 1:colcon.colcon_core.package_identification:_identify(src/libot/doc) by extension 'colcon_meta'
[0.171s] Level 1:colcon.colcon_core.package_identification:_identify(src/libot/doc) by extensions ['ros']
[0.171s] Level 1:colcon.colcon_core.package_identification:_identify(src/libot/doc) by extension 'ros'
[0.171s] Level 1:colcon.colcon_core.package_identification:_identify(src/libot/doc) by extensions ['cmake', 'python']
[0.171s] Level 1:colcon.colcon_core.package_identification:_identify(src/libot/doc) by extension 'cmake'
[0.171s] Level 1:colcon.colcon_core.package_identification:_identify(src/libot/doc) by extension 'python'
[0.171s] Level 1:colcon.colcon_core.package_identification:_identify(src/libot/doc) by extensions ['python_setup_py']
[0.171s] Level 1:colcon.colcon_core.package_identification:_identify(src/libot/doc) by extension 'python_setup_py'
[0.171s] Level 1:colcon.colcon_core.package_identification:_identify(src/libot/libot_bringup) by extensions ['ignore', 'ignore_ament_install']
[0.171s] Level 1:colcon.colcon_core.package_identification:_identify(src/libot/libot_bringup) by extension 'ignore'
[0.171s] Level 1:colcon.colcon_core.package_identification:_identify(src/libot/libot_bringup) by extension 'ignore_ament_install'
[0.171s] Level 1:colcon.colcon_core.package_identification:_identify(src/libot/libot_bringup) by extensions ['colcon_pkg']
[0.171s] Level 1:colcon.colcon_core.package_identification:_identify(src/libot/libot_bringup) by extension 'colcon_pkg'
[0.171s] Level 1:colcon.colcon_core.package_identification:_identify(src/libot/libot_bringup) by extensions ['colcon_meta']
[0.171s] Level 1:colcon.colcon_core.package_identification:_identify(src/libot/libot_bringup) by extension 'colcon_meta'
[0.171s] Level 1:colcon.colcon_core.package_identification:_identify(src/libot/libot_bringup) by extensions ['ros']
[0.171s] Level 1:colcon.colcon_core.package_identification:_identify(src/libot/libot_bringup) by extension 'ros'
[0.172s] DEBUG:colcon.colcon_core.package_identification:Package 'src/libot/libot_bringup' with type 'ros.ament_cmake' and name 'libot_bringup'
[0.172s] Level 1:colcon.colcon_core.package_identification:_identify(src/libot/libot_description) by extensions ['ignore', 'ignore_ament_install']
[0.172s] Level 1:colcon.colcon_core.package_identification:_identify(src/libot/libot_description) by extension 'ignore'
[0.172s] Level 1:colcon.colcon_core.package_identification:_identify(src/libot/libot_description) by extension 'ignore_ament_install'
[0.172s] Level 1:colcon.colcon_core.package_identification:_identify(src/libot/libot_description) by extensions ['colcon_pkg']
[0.172s] Level 1:colcon.colcon_core.package_identification:_identify(src/libot/libot_description) by extension 'colcon_pkg'
[0.172s] Level 1:colcon.colcon_core.package_identification:_identify(src/libot/libot_description) by extensions ['colcon_meta']
[0.172s] Level 1:colcon.colcon_core.package_identification:_identify(src/libot/libot_description) by extension 'colcon_meta'
[0.172s] Level 1:colcon.colcon_core.package_identification:_identify(src/libot/libot_description) by extensions ['ros']
[0.172s] Level 1:colcon.colcon_core.package_identification:_identify(src/libot/libot_description) by extension 'ros'
[0.172s] DEBUG:colcon.colcon_core.package_identification:Package 'src/libot/libot_description' with type 'ros.ament_cmake' and name 'libot_description'
[0.173s] Level 1:colcon.colcon_core.package_discovery:discover_packages(recursive) using defaults
[0.173s] Level 1:colcon.colcon_core.package_discovery:discover_packages(ignore) discover
[0.173s] Level 1:colcon.colcon_core.package_discovery:discover_packages(ignore) using defaults
[0.173s] Level 1:colcon.colcon_core.package_discovery:discover_packages(path) discover
[0.173s] Level 1:colcon.colcon_core.package_discovery:discover_packages(path) using defaults
[0.191s] Level 1:colcon.colcon_core.package_discovery:discover_packages(prefix_path) check parameters
[0.191s] Level 1:colcon.colcon_core.package_discovery:discover_packages(prefix_path) discover
[0.194s] DEBUG:colcon.colcon_installed_package_information.package_discovery:Found 3 installed packages in /home/kartik/li_bot/install
[0.194s] DEBUG:colcon.colcon_installed_package_information.package_discovery:Found 4 installed packages in /home/kartik/RL_uav_ws/install
[0.196s] DEBUG:colcon.colcon_installed_package_information.package_discovery:Found 20 installed packages in /home/kartik/hamr_ws/install
[0.198s] DEBUG:colcon.colcon_installed_package_information.package_discovery:Found 558 installed packages in /opt/ros/jazzy
[0.200s] Level 1:colcon.colcon_core.package_discovery:discover_packages(prefix_path) using defaults
[0.283s] Level 5:colcon.colcon_core.verb:set package 'li_bot_bringup' build argument 'cmake_args' from command line to 'None'
[0.283s] Level 5:colcon.colcon_core.verb:set package 'li_bot_bringup' build argument 'cmake_target' from command line to 'None'
[0.283s] Level 5:colcon.colcon_core.verb:set package 'li_bot_bringup' build argument 'cmake_target_skip_unavailable' from command line to 'False'
[0.283s] Level 5:colcon.colcon_core.verb:set package 'li_bot_bringup' build argument 'cmake_clean_cache' from command line to 'False'
[0.283s] Level 5:colcon.colcon_core.verb:set package 'li_bot_bringup' build argument 'cmake_clean_first' from command line to 'False'
[0.283s] Level 5:colcon.colcon_core.verb:set package 'li_bot_bringup' build argument 'cmake_force_configure' from command line to 'False'
[0.283s] Level 5:colcon.colcon_core.verb:set package 'li_bot_bringup' build argument 'ament_cmake_args' from command line to 'None'
[0.283s] Level 5:colcon.colcon_core.verb:set package 'li_bot_bringup' build argument 'catkin_cmake_args' from command line to 'None'
[0.283s] Level 5:colcon.colcon_core.verb:set package 'li_bot_bringup' build argument 'catkin_skip_building_tests' from command line to 'False'
[0.283s] DEBUG:colcon.colcon_core.verb:Building package 'li_bot_bringup' with the following arguments: {'ament_cmake_args': None, 'build_base': '/home/kartik/li_bot/build/li_bot_bringup', 'catkin_cmake_args': None, 'catkin_skip_building_tests': False, 'cmake_args': None, 'cmake_clean_cache': False, 'cmake_clean_first': False, 'cmake_force_configure': False, 'cmake_target': None, 'cmake_target_skip_unavailable': False, 'install_base': '/home/kartik/li_bot/install/li_bot_bringup', 'merge_install': False, 'path': '/home/kartik/li_bot/src/li_bot_bringup', 'symlink_install': True, 'test_result_base': None}
[0.283s] Level 5:colcon.colcon_core.verb:set package 'libot_bringup' build argument 'cmake_args' from command line to 'None'
[0.283s] Level 5:colcon.colcon_core.verb:set package 'libot_bringup' build argument 'cmake_target' from command line to 'None'
[0.283s] Level 5:colcon.colcon_core.verb:set package 'libot_bringup' build argument 'cmake_target_skip_unavailable' from command line to 'False'
[0.283s] Level 5:colcon.colcon_core.verb:set package 'libot_bringup' build argument 'cmake_clean_cache' from command line to 'False'
[0.283s] Level 5:colcon.colcon_core.verb:set package 'libot_bringup' build argument 'cmake_clean_first' from command line to 'False'
[0.283s] Level 5:colcon.colcon_core.verb:set package 'libot_bringup' build argument 'cmake_force_configure' from command line to 'False'
[0.283s] Level 5:colcon.colcon_core.verb:set package 'libot_bringup' build argument 'ament_cmake_args' from command line to 'None'
[0.283s] Level 5:colcon.colcon_core.verb:set package 'libot_bringup' build argument 'catkin_cmake_args' from command line to 'None'
[0.283s] Level 5:colcon.colcon_core.verb:set package 'libot_bringup' build argument 'catkin_skip_building_tests' from command line to 'False'
[0.283s] DEBUG:colcon.colcon_core.verb:Building package 'libot_bringup' with the following arguments: {'ament_cmake_args': None, 'build_base': '/home/kartik/li_bot/build/libot_bringup', 'catkin_cmake_args': None, 'catkin_skip_building_tests': False, 'cmake_args': None, 'cmake_clean_cache': False, 'cmake_clean_first': False, 'cmake_force_configure': False, 'cmake_target': None, 'cmake_target_skip_unavailable': False, 'install_base': '/home/kartik/li_bot/install/libot_bringup', 'merge_install': False, 'path': '/home/kartik/li_bot/src/libot/libot_bringup', 'symlink_install': True, 'test_result_base': None}
[0.284s] Level 5:colcon.colcon_core.verb:set package 'libot_description' build argument 'cmake_args' from command line to 'None'
[0.284s] Level 5:colcon.colcon_core.verb:set package 'libot_description' build argument 'cmake_target' from command line to 'None'
[0.284s] Level 5:colcon.colcon_core.verb:set package 'libot_description' build argument 'cmake_target_skip_unavailable' from command line to 'False'
[0.284s] Level 5:colcon.colcon_core.verb:set package 'libot_description' build argument 'cmake_clean_cache' from command line to 'False'
[0.284s] Level 5:colcon.colcon_core.verb:set package 'libot_description' build argument 'cmake_clean_first' from command line to 'False'
[0.284s] Level 5:colcon.colcon_core.verb:set package 'libot_description' build argument 'cmake_force_configure' from command line to 'False'
[0.284s] Level 5:colcon.colcon_core.verb:set package 'libot_description' build argument 'ament_cmake_args' from command line to 'None'
[0.284s] Level 5:colcon.colcon_core.verb:set package 'libot_description' build argument 'catkin_cmake_args' from command line to 'None'
[0.284s] Level 5:colcon.colcon_core.verb:set package 'libot_description' build argument 'catkin_skip_building_tests' from command line to 'False'
[0.284s] DEBUG:colcon.colcon_core.verb:Building package 'libot_description' with the following arguments: {'ament_cmake_args': None, 'build_base': '/home/kartik/li_bot/build/libot_description', 'catkin_cmake_args': None, 'catkin_skip_building_tests': False, 'cmake_args': None, 'cmake_clean_cache': False, 'cmake_clean_first': False, 'cmake_force_configure': False, 'cmake_target': None, 'cmake_target_skip_unavailable': False, 'install_base': '/home/kartik/li_bot/install/libot_description', 'merge_install': False, 'path': '/home/kartik/li_bot/src/libot/libot_description', 'symlink_install': True, 'test_result_base': None}
[0.284s] INFO:colcon.colcon_core.executor:Executing jobs using 'parallel' executor
[0.285s] DEBUG:colcon.colcon_parallel_executor.executor.parallel:run_until_complete
[0.285s] INFO:colcon.colcon_ros.task.ament_python.build:Building ROS package in '/home/kartik/li_bot/src/li_bot_bringup' with build type 'ament_python'
[0.285s] Level 1:colcon.colcon_core.shell:create_environment_hook('li_bot_bringup', 'ament_prefix_path')
[0.287s] INFO:colcon.colcon_core.plugin_system:Skipping extension 'colcon_core.shell.bat': Not used on non-Windows systems
[0.287s] INFO:colcon.colcon_core.shell:Creating environment hook '/home/kartik/li_bot/install/li_bot_bringup/share/li_bot_bringup/hook/ament_prefix_path.ps1'
[0.288s] INFO:colcon.colcon_core.shell:Creating environment descriptor '/home/kartik/li_bot/install/li_bot_bringup/share/li_bot_bringup/hook/ament_prefix_path.dsv'
[0.288s] INFO:colcon.colcon_core.shell:Creating environment hook '/home/kartik/li_bot/install/li_bot_bringup/share/li_bot_bringup/hook/ament_prefix_path.sh'
[0.289s] INFO:colcon.colcon_core.shell:Skip shell extension 'powershell' for command environment: Not usable outside of PowerShell
[0.289s] DEBUG:colcon.colcon_core.shell:Skip shell extension 'dsv' for command environment
[0.297s] INFO:colcon.colcon_ros.task.ament_cmake.build:Building ROS package in '/home/kartik/li_bot/src/libot/libot_bringup' with build type 'ament_cmake'
[0.297s] INFO:colcon.colcon_cmake.task.cmake.build:Building CMake package in '/home/kartik/li_bot/src/libot/libot_bringup'
[0.297s] INFO:colcon.colcon_core.shell:Skip shell extension 'powershell' for command environment: Not usable outside of PowerShell
[0.297s] DEBUG:colcon.colcon_core.shell:Skip shell extension 'dsv' for command environment
[0.304s] INFO:colcon.colcon_ros.task.ament_cmake.build:Building ROS package in '/home/kartik/li_bot/src/libot/libot_description' with build type 'ament_cmake'
[0.304s] INFO:colcon.colcon_cmake.task.cmake.build:Building CMake package in '/home/kartik/li_bot/src/libot/libot_description'
[0.304s] INFO:colcon.colcon_core.shell:Skip shell extension 'powershell' for command environment: Not usable outside of PowerShell
[0.304s] DEBUG:colcon.colcon_core.shell:Skip shell extension 'dsv' for command environment
[0.476s] INFO:colcon.colcon_core.task.python.build:Building Python package in '/home/kartik/li_bot/src/li_bot_bringup'
[0.476s] INFO:colcon.colcon_core.shell:Skip shell extension 'powershell' for command environment: Not usable outside of PowerShell
[0.476s] DEBUG:colcon.colcon_core.shell:Skip shell extension 'dsv' for command environment
[0.482s] DEBUG:colcon.colcon_core.event_handler.log_command:Invoking command in '/home/kartik/li_bot/build/libot_bringup': CMAKE_PREFIX_PATH=/home/kartik/hamr_ws/install/hamr_uros_bridge:/home/kartik/hamr_ws/install/hamr_teleop:/home/kartik/hamr_ws/install/hamr_realsense_terrain:/home/kartik/hamr_ws/install/hamr_pcl_generator:/home/kartik/hamr_ws/install/hamr_control_cpp:/home/kartik/hamr_ws/install/hamr_interfaces:/home/kartik/hamr_ws/install/hamr_gimbal_control:/home/kartik/hamr_ws/install/hamr_description:/home/kartik/hamr_ws/install/hamr_bringup:/home/kartik/hamr_ws/install/convex_plane_decomposition_ros:/home/kartik/li_bot/install/li_bot_bringup:/home/kartik/hamr_ws/install/reference_trajectory:/home/kartik/hamr_ws/install/hamr_control:/home/kartik/hamr_ws/install/compa_control_py:/opt/ros/jazzy:/home/kartik/hamr_ws/install/convex_plane_decomposition:/home/kartik/hamr_ws/install/grid_map_filters_rsl:/home/kartik/hamr_ws/install/elevation_mapping_cupy:/home/kartik/hamr_ws/install/elevation_map_msgs:/home/kartik/hamr_ws/install/convex_plane_decomposition_msgs:/home/kartik/hamr_ws/install/compa_description:/home/kartik/hamr_ws/install/cgal5_ament:/home/kartik/RL_uav_ws/install/uav_teleop_node:/home/kartik/RL_uav_ws/install/uav_rl_agent:/home/kartik/RL_uav_ws/install/uav_msp_bridge:/home/kartik/RL_uav_ws/install/uav_control_cpp:/opt/ros/jazzy/opt/gz_sim_vendor:/opt/ros/jazzy/opt/gz_sensors_vendor:/opt/ros/jazzy/opt/gz_physics_vendor:/opt/ros/jazzy/opt/sdformat_vendor:/opt/ros/jazzy/opt/gz_gui_vendor:/opt/ros/jazzy/opt/gz_transport_vendor:/opt/ros/jazzy/opt/gz_rendering_vendor:/opt/ros/jazzy/opt/gz_plugin_vendor:/opt/ros/jazzy/opt/gz_fuel_tools_vendor:/opt/ros/jazzy/opt/gz_msgs_vendor:/opt/ros/jazzy/opt/gz_common_vendor:/opt/ros/jazzy/opt/gz_math_vendor:/opt/ros/jazzy/opt/gz_utils_vendor:/opt/ros/jazzy/opt/gz_tools_vendor:/opt/ros/jazzy/opt/gz_ogre_next_vendor:/opt/ros/jazzy/opt/gz_dartsim_vendor:/opt/ros/jazzy/opt/gz_cmake_vendor DEBUGINFOD_URLS=https://debuginfod.ubuntu.com /usr/bin/cmake /home/kartik/li_bot/src/libot/libot_bringup -DAMENT_CMAKE_SYMLINK_INSTALL=1 -DCMAKE_INSTALL_PREFIX=/home/kartik/li_bot/install/libot_bringup
[0.486s] DEBUG:colcon.colcon_core.event_handler.log_command:Invoking command in '/home/kartik/li_bot/build/libot_description': CMAKE_PREFIX_PATH=/home/kartik/hamr_ws/install/hamr_uros_bridge:/home/kartik/hamr_ws/install/hamr_teleop:/home/kartik/hamr_ws/install/hamr_realsense_terrain:/home/kartik/hamr_ws/install/hamr_pcl_generator:/home/kartik/hamr_ws/install/hamr_control_cpp:/home/kartik/hamr_ws/install/hamr_interfaces:/home/kartik/hamr_ws/install/hamr_gimbal_control:/home/kartik/hamr_ws/install/hamr_description:/home/kartik/hamr_ws/install/hamr_bringup:/home/kartik/hamr_ws/install/convex_plane_decomposition_ros:/home/kartik/li_bot/install/li_bot_bringup:/home/kartik/hamr_ws/install/reference_trajectory:/home/kartik/hamr_ws/install/hamr_control:/home/kartik/hamr_ws/install/compa_control_py:/opt/ros/jazzy:/home/kartik/hamr_ws/install/convex_plane_decomposition:/home/kartik/hamr_ws/install/grid_map_filters_rsl:/home/kartik/hamr_ws/install/elevation_mapping_cupy:/home/kartik/hamr_ws/install/elevation_map_msgs:/home/kartik/hamr_ws/install/convex_plane_decomposition_msgs:/home/kartik/hamr_ws/install/compa_description:/home/kartik/hamr_ws/install/cgal5_ament:/home/kartik/RL_uav_ws/install/uav_teleop_node:/home/kartik/RL_uav_ws/install/uav_rl_agent:/home/kartik/RL_uav_ws/install/uav_msp_bridge:/home/kartik/RL_uav_ws/install/uav_control_cpp:/opt/ros/jazzy/opt/gz_sim_vendor:/opt/ros/jazzy/opt/gz_sensors_vendor:/opt/ros/jazzy/opt/gz_physics_vendor:/opt/ros/jazzy/opt/sdformat_vendor:/opt/ros/jazzy/opt/gz_gui_vendor:/opt/ros/jazzy/opt/gz_transport_vendor:/opt/ros/jazzy/opt/gz_rendering_vendor:/opt/ros/jazzy/opt/gz_plugin_vendor:/opt/ros/jazzy/opt/gz_fuel_tools_vendor:/opt/ros/jazzy/opt/gz_msgs_vendor:/opt/ros/jazzy/opt/gz_common_vendor:/opt/ros/jazzy/opt/gz_math_vendor:/opt/ros/jazzy/opt/gz_utils_vendor:/opt/ros/jazzy/opt/gz_tools_vendor:/opt/ros/jazzy/opt/gz_ogre_next_vendor:/opt/ros/jazzy/opt/gz_dartsim_vendor:/opt/ros/jazzy/opt/gz_cmake_vendor DEBUGINFOD_URLS=https://debuginfod.ubuntu.com /usr/bin/cmake /home/kartik/li_bot/src/libot/libot_description -DAMENT_CMAKE_SYMLINK_INSTALL=1 -DCMAKE_INSTALL_PREFIX=/home/kartik/li_bot/install/libot_description
[0.726s] DEBUG:colcon.colcon_core.event_handler.log_command:Invoked command in '/home/kartik/li_bot/build/libot_bringup' returned '0': CMAKE_PREFIX_PATH=/home/kartik/hamr_ws/install/hamr_uros_bridge:/home/kartik/hamr_ws/install/hamr_teleop:/home/kartik/hamr_ws/install/hamr_realsense_terrain:/home/kartik/hamr_ws/install/hamr_pcl_generator:/home/kartik/hamr_ws/install/hamr_control_cpp:/home/kartik/hamr_ws/install/hamr_interfaces:/home/kartik/hamr_ws/install/hamr_gimbal_control:/home/kartik/hamr_ws/install/hamr_description:/home/kartik/hamr_ws/install/hamr_bringup:/home/kartik/hamr_ws/install/convex_plane_decomposition_ros:/home/kartik/li_bot/install/li_bot_bringup:/home/kartik/hamr_ws/install/reference_trajectory:/home/kartik/hamr_ws/install/hamr_control:/home/kartik/hamr_ws/install/compa_control_py:/opt/ros/jazzy:/home/kartik/hamr_ws/install/convex_plane_decomposition:/home/kartik/hamr_ws/install/grid_map_filters_rsl:/home/kartik/hamr_ws/install/elevation_mapping_cupy:/home/kartik/hamr_ws/install/elevation_map_msgs:/home/kartik/hamr_ws/install/convex_plane_decomposition_msgs:/home/kartik/hamr_ws/install/compa_description:/home/kartik/hamr_ws/install/cgal5_ament:/home/kartik/RL_uav_ws/install/uav_teleop_node:/home/kartik/RL_uav_ws/install/uav_rl_agent:/home/kartik/RL_uav_ws/install/uav_msp_bridge:/home/kartik/RL_uav_ws/install/uav_control_cpp:/opt/ros/jazzy/opt/gz_sim_vendor:/opt/ros/jazzy/opt/gz_sensors_vendor:/opt/ros/jazzy/opt/gz_physics_vendor:/opt/ros/jazzy/opt/sdformat_vendor:/opt/ros/jazzy/opt/gz_gui_vendor:/opt/ros/jazzy/opt/gz_transport_vendor:/opt/ros/jazzy/opt/gz_rendering_vendor:/opt/ros/jazzy/opt/gz_plugin_vendor:/opt/ros/jazzy/opt/gz_fuel_tools_vendor:/opt/ros/jazzy/opt/gz_msgs_vendor:/opt/ros/jazzy/opt/gz_common_vendor:/opt/ros/jazzy/opt/gz_math_vendor:/opt/ros/jazzy/opt/gz_utils_vendor:/opt/ros/jazzy/opt/gz_tools_vendor:/opt/ros/jazzy/opt/gz_ogre_next_vendor:/opt/ros/jazzy/opt/gz_dartsim_vendor:/opt/ros/jazzy/opt/gz_cmake_vendor DEBUGINFOD_URLS=https://debuginfod.ubuntu.com /usr/bin/cmake /home/kartik/li_bot/src/libot/libot_bringup -DAMENT_CMAKE_SYMLINK_INSTALL=1 -DCMAKE_INSTALL_PREFIX=/home/kartik/li_bot/install/libot_bringup
[0.727s] DEBUG:colcon.colcon_core.event_handler.log_command:Invoking command in '/home/kartik/li_bot/build/libot_bringup': CMAKE_PREFIX_PATH=/home/kartik/hamr_ws/install/hamr_uros_bridge:/home/kartik/hamr_ws/install/hamr_teleop:/home/kartik/hamr_ws/install/hamr_realsense_terrain:/home/kartik/hamr_ws/install/hamr_pcl_generator:/home/kartik/hamr_ws/install/hamr_control_cpp:/home/kartik/hamr_ws/install/hamr_interfaces:/home/kartik/hamr_ws/install/hamr_gimbal_control:/home/kartik/hamr_ws/install/hamr_description:/home/kartik/hamr_ws/install/hamr_bringup:/home/kartik/hamr_ws/install/convex_plane_decomposition_ros:/home/kartik/li_bot/install/li_bot_bringup:/home/kartik/hamr_ws/install/reference_trajectory:/home/kartik/hamr_ws/install/hamr_control:/home/kartik/hamr_ws/install/compa_control_py:/opt/ros/jazzy:/home/kartik/hamr_ws/install/convex_plane_decomposition:/home/kartik/hamr_ws/install/grid_map_filters_rsl:/home/kartik/hamr_ws/install/elevation_mapping_cupy:/home/kartik/hamr_ws/install/elevation_map_msgs:/home/kartik/hamr_ws/install/convex_plane_decomposition_msgs:/home/kartik/hamr_ws/install/compa_description:/home/kartik/hamr_ws/install/cgal5_ament:/home/kartik/RL_uav_ws/install/uav_teleop_node:/home/kartik/RL_uav_ws/install/uav_rl_agent:/home/kartik/RL_uav_ws/install/uav_msp_bridge:/home/kartik/RL_uav_ws/install/uav_control_cpp:/opt/ros/jazzy/opt/gz_sim_vendor:/opt/ros/jazzy/opt/gz_sensors_vendor:/opt/ros/jazzy/opt/gz_physics_vendor:/opt/ros/jazzy/opt/sdformat_vendor:/opt/ros/jazzy/opt/gz_gui_vendor:/opt/ros/jazzy/opt/gz_transport_vendor:/opt/ros/jazzy/opt/gz_rendering_vendor:/opt/ros/jazzy/opt/gz_plugin_vendor:/opt/ros/jazzy/opt/gz_fuel_tools_vendor:/opt/ros/jazzy/opt/gz_msgs_vendor:/opt/ros/jazzy/opt/gz_common_vendor:/opt/ros/jazzy/opt/gz_math_vendor:/opt/ros/jazzy/opt/gz_utils_vendor:/opt/ros/jazzy/opt/gz_tools_vendor:/opt/ros/jazzy/opt/gz_ogre_next_vendor:/opt/ros/jazzy/opt/gz_dartsim_vendor:/opt/ros/jazzy/opt/gz_cmake_vendor DEBUGINFOD_URLS=https://debuginfod.ubuntu.com /usr/bin/cmake --build /home/kartik/li_bot/build/libot_bringup -- -j16 -l16
[0.728s] DEBUG:colcon.colcon_core.event_handler.log_command:Invoked command in '/home/kartik/li_bot/build/libot_description' returned '0': CMAKE_PREFIX_PATH=/home/kartik/hamr_ws/install/hamr_uros_bridge:/home/kartik/hamr_ws/install/hamr_teleop:/home/kartik/hamr_ws/install/hamr_realsense_terrain:/home/kartik/hamr_ws/install/hamr_pcl_generator:/home/kartik/hamr_ws/install/hamr_control_cpp:/home/kartik/hamr_ws/install/hamr_interfaces:/home/kartik/hamr_ws/install/hamr_gimbal_control:/home/kartik/hamr_ws/install/hamr_description:/home/kartik/hamr_ws/install/hamr_bringup:/home/kartik/hamr_ws/install/convex_plane_decomposition_ros:/home/kartik/li_bot/install/li_bot_bringup:/home/kartik/hamr_ws/install/reference_trajectory:/home/kartik/hamr_ws/install/hamr_control:/home/kartik/hamr_ws/install/compa_control_py:/opt/ros/jazzy:/home/kartik/hamr_ws/install/convex_plane_decomposition:/home/kartik/hamr_ws/install/grid_map_filters_rsl:/home/kartik/hamr_ws/install/elevation_mapping_cupy:/home/kartik/hamr_ws/install/elevation_map_msgs:/home/kartik/hamr_ws/install/convex_plane_decomposition_msgs:/home/kartik/hamr_ws/install/compa_description:/home/kartik/hamr_ws/install/cgal5_ament:/home/kartik/RL_uav_ws/install/uav_teleop_node:/home/kartik/RL_uav_ws/install/uav_rl_agent:/home/kartik/RL_uav_ws/install/uav_msp_bridge:/home/kartik/RL_uav_ws/install/uav_control_cpp:/opt/ros/jazzy/opt/gz_sim_vendor:/opt/ros/jazzy/opt/gz_sensors_vendor:/opt/ros/jazzy/opt/gz_physics_vendor:/opt/ros/jazzy/opt/sdformat_vendor:/opt/ros/jazzy/opt/gz_gui_vendor:/opt/ros/jazzy/opt/gz_transport_vendor:/opt/ros/jazzy/opt/gz_rendering_vendor:/opt/ros/jazzy/opt/gz_plugin_vendor:/opt/ros/jazzy/opt/gz_fuel_tools_vendor:/opt/ros/jazzy/opt/gz_msgs_vendor:/opt/ros/jazzy/opt/gz_common_vendor:/opt/ros/jazzy/opt/gz_math_vendor:/opt/ros/jazzy/opt/gz_utils_vendor:/opt/ros/jazzy/opt/gz_tools_vendor:/opt/ros/jazzy/opt/gz_ogre_next_vendor:/opt/ros/jazzy/opt/gz_dartsim_vendor:/opt/ros/jazzy/opt/gz_cmake_vendor DEBUGINFOD_URLS=https://debuginfod.ubuntu.com /usr/bin/cmake /home/kartik/li_bot/src/libot/libot_description -DAMENT_CMAKE_SYMLINK_INSTALL=1 -DCMAKE_INSTALL_PREFIX=/home/kartik/li_bot/install/libot_description
[0.728s] DEBUG:colcon.colcon_core.event_handler.log_command:Invoking command in '/home/kartik/li_bot/build/libot_description': CMAKE_PREFIX_PATH=/home/kartik/hamr_ws/install/hamr_uros_bridge:/home/kartik/hamr_ws/install/hamr_teleop:/home/kartik/hamr_ws/install/hamr_realsense_terrain:/home/kartik/hamr_ws/install/hamr_pcl_generator:/home/kartik/hamr_ws/install/hamr_control_cpp:/home/kartik/hamr_ws/install/hamr_interfaces:/home/kartik/hamr_ws/install/hamr_gimbal_control:/home/kartik/hamr_ws/install/hamr_description:/home/kartik/hamr_ws/install/hamr_bringup:/home/kartik/hamr_ws/install/convex_plane_decomposition_ros:/home/kartik/li_bot/install/li_bot_bringup:/home/kartik/hamr_ws/install/reference_trajectory:/home/kartik/hamr_ws/install/hamr_control:/home/kartik/hamr_ws/install/compa_control_py:/opt/ros/jazzy:/home/kartik/hamr_ws/install/convex_plane_decomposition:/home/kartik/hamr_ws/install/grid_map_filters_rsl:/home/kartik/hamr_ws/install/elevation_mapping_cupy:/home/kartik/hamr_ws/install/elevation_map_msgs:/home/kartik/hamr_ws/install/convex_plane_decomposition_msgs:/home/kartik/hamr_ws/install/compa_description:/home/kartik/hamr_ws/install/cgal5_ament:/home/kartik/RL_uav_ws/install/uav_teleop_node:/home/kartik/RL_uav_ws/install/uav_rl_agent:/home/kartik/RL_uav_ws/install/uav_msp_bridge:/home/kartik/RL_uav_ws/install/uav_control_cpp:/opt/ros/jazzy/opt/gz_sim_vendor:/opt/ros/jazzy/opt/gz_sensors_vendor:/opt/ros/jazzy/opt/gz_physics_vendor:/opt/ros/jazzy/opt/sdformat_vendor:/opt/ros/jazzy/opt/gz_gui_vendor:/opt/ros/jazzy/opt/gz_transport_vendor:/opt/ros/jazzy/opt/gz_rendering_vendor:/opt/ros/jazzy/opt/gz_plugin_vendor:/opt/ros/jazzy/opt/gz_fuel_tools_vendor:/opt/ros/jazzy/opt/gz_msgs_vendor:/opt/ros/jazzy/opt/gz_common_vendor:/opt/ros/jazzy/opt/gz_math_vendor:/opt/ros/jazzy/opt/gz_utils_vendor:/opt/ros/jazzy/opt/gz_tools_vendor:/opt/ros/jazzy/opt/gz_ogre_next_vendor:/opt/ros/jazzy/opt/gz_dartsim_vendor:/opt/ros/jazzy/opt/gz_cmake_vendor DEBUGINFOD_URLS=https://debuginfod.ubuntu.com /usr/bin/cmake --build /home/kartik/li_bot/build/libot_description -- -j16 -l16
[0.764s] DEBUG:colcon.colcon_core.event_handler.log_command:Invoked command in '/home/kartik/li_bot/build/libot_description' returned '0': CMAKE_PREFIX_PATH=/home/kartik/hamr_ws/install/hamr_uros_bridge:/home/kartik/hamr_ws/install/hamr_teleop:/home/kartik/hamr_ws/install/hamr_realsense_terrain:/home/kartik/hamr_ws/install/hamr_pcl_generator:/home/kartik/hamr_ws/install/hamr_control_cpp:/home/kartik/hamr_ws/install/hamr_interfaces:/home/kartik/hamr_ws/install/hamr_gimbal_control:/home/kartik/hamr_ws/install/hamr_description:/home/kartik/hamr_ws/install/hamr_bringup:/home/kartik/hamr_ws/install/convex_plane_decomposition_ros:/home/kartik/li_bot/install/li_bot_bringup:/home/kartik/hamr_ws/install/reference_trajectory:/home/kartik/hamr_ws/install/hamr_control:/home/kartik/hamr_ws/install/compa_control_py:/opt/ros/jazzy:/home/kartik/hamr_ws/install/convex_plane_decomposition:/home/kartik/hamr_ws/install/grid_map_filters_rsl:/home/kartik/hamr_ws/install/elevation_mapping_cupy:/home/kartik/hamr_ws/install/elevation_map_msgs:/home/kartik/hamr_ws/install/convex_plane_decomposition_msgs:/home/kartik/hamr_ws/install/compa_description:/home/kartik/hamr_ws/install/cgal5_ament:/home/kartik/RL_uav_ws/install/uav_teleop_node:/home/kartik/RL_uav_ws/install/uav_rl_agent:/home/kartik/RL_uav_ws/install/uav_msp_bridge:/home/kartik/RL_uav_ws/install/uav_control_cpp:/opt/ros/jazzy/opt/gz_sim_vendor:/opt/ros/jazzy/opt/gz_sensors_vendor:/opt/ros/jazzy/opt/gz_physics_vendor:/opt/ros/jazzy/opt/sdformat_vendor:/opt/ros/jazzy/opt/gz_gui_vendor:/opt/ros/jazzy/opt/gz_transport_vendor:/opt/ros/jazzy/opt/gz_rendering_vendor:/opt/ros/jazzy/opt/gz_plugin_vendor:/opt/ros/jazzy/opt/gz_fuel_tools_vendor:/opt/ros/jazzy/opt/gz_msgs_vendor:/opt/ros/jazzy/opt/gz_common_vendor:/opt/ros/jazzy/opt/gz_math_vendor:/opt/ros/jazzy/opt/gz_utils_vendor:/opt/ros/jazzy/opt/gz_tools_vendor:/opt/ros/jazzy/opt/gz_ogre_next_vendor:/opt/ros/jazzy/opt/gz_dartsim_vendor:/opt/ros/jazzy/opt/gz_cmake_vendor DEBUGINFOD_URLS=https://debuginfod.ubuntu.com /usr/bin/cmake --build /home/kartik/li_bot/build/libot_description -- -j16 -l16
[0.773s] DEBUG:colcon.colcon_core.event_handler.log_command:Invoking command in '/home/kartik/li_bot/build/libot_description': CMAKE_PREFIX_PATH=/home/kartik/hamr_ws/install/hamr_uros_bridge:/home/kartik/hamr_ws/install/hamr_teleop:/home/kartik/hamr_ws/install/hamr_realsense_terrain:/home/kartik/hamr_ws/install/hamr_pcl_generator:/home/kartik/hamr_ws/install/hamr_control_cpp:/home/kartik/hamr_ws/install/hamr_interfaces:/home/kartik/hamr_ws/install/hamr_gimbal_control:/home/kartik/hamr_ws/install/hamr_description:/home/kartik/hamr_ws/install/hamr_bringup:/home/kartik/hamr_ws/install/convex_plane_decomposition_ros:/home/kartik/li_bot/install/li_bot_bringup:/home/kartik/hamr_ws/install/reference_trajectory:/home/kartik/hamr_ws/install/hamr_control:/home/kartik/hamr_ws/install/compa_control_py:/opt/ros/jazzy:/home/kartik/hamr_ws/install/convex_plane_decomposition:/home/kartik/hamr_ws/install/grid_map_filters_rsl:/home/kartik/hamr_ws/install/elevation_mapping_cupy:/home/kartik/hamr_ws/install/elevation_map_msgs:/home/kartik/hamr_ws/install/convex_plane_decomposition_msgs:/home/kartik/hamr_ws/install/compa_description:/home/kartik/hamr_ws/install/cgal5_ament:/home/kartik/RL_uav_ws/install/uav_teleop_node:/home/kartik/RL_uav_ws/install/uav_rl_agent:/home/kartik/RL_uav_ws/install/uav_msp_bridge:/home/kartik/RL_uav_ws/install/uav_control_cpp:/opt/ros/jazzy/opt/gz_sim_vendor:/opt/ros/jazzy/opt/gz_sensors_vendor:/opt/ros/jazzy/opt/gz_physics_vendor:/opt/ros/jazzy/opt/sdformat_vendor:/opt/ros/jazzy/opt/gz_gui_vendor:/opt/ros/jazzy/opt/gz_transport_vendor:/opt/ros/jazzy/opt/gz_rendering_vendor:/opt/ros/jazzy/opt/gz_plugin_vendor:/opt/ros/jazzy/opt/gz_fuel_tools_vendor:/opt/ros/jazzy/opt/gz_msgs_vendor:/opt/ros/jazzy/opt/gz_common_vendor:/opt/ros/jazzy/opt/gz_math_vendor:/opt/ros/jazzy/opt/gz_utils_vendor:/opt/ros/jazzy/opt/gz_tools_vendor:/opt/ros/jazzy/opt/gz_ogre_next_vendor:/opt/ros/jazzy/opt/gz_dartsim_vendor:/opt/ros/jazzy/opt/gz_cmake_vendor DEBUGINFOD_URLS=https://debuginfod.ubuntu.com /usr/bin/cmake --install /home/kartik/li_bot/build/libot_description
[0.774s] DEBUG:colcon.colcon_core.event_handler.log_command:Invoked command in '/home/kartik/li_bot/build/libot_bringup' returned '0': CMAKE_PREFIX_PATH=/home/kartik/hamr_ws/install/hamr_uros_bridge:/home/kartik/hamr_ws/install/hamr_teleop:/home/kartik/hamr_ws/install/hamr_realsense_terrain:/home/kartik/hamr_ws/install/hamr_pcl_generator:/home/kartik/hamr_ws/install/hamr_control_cpp:/home/kartik/hamr_ws/install/hamr_interfaces:/home/kartik/hamr_ws/install/hamr_gimbal_control:/home/kartik/hamr_ws/install/hamr_description:/home/kartik/hamr_ws/install/hamr_bringup:/home/kartik/hamr_ws/install/convex_plane_decomposition_ros:/home/kartik/li_bot/install/li_bot_bringup:/home/kartik/hamr_ws/install/reference_trajectory:/home/kartik/hamr_ws/install/hamr_control:/home/kartik/hamr_ws/install/compa_control_py:/opt/ros/jazzy:/home/kartik/hamr_ws/install/convex_plane_decomposition:/home/kartik/hamr_ws/install/grid_map_filters_rsl:/home/kartik/hamr_ws/install/elevation_mapping_cupy:/home/kartik/hamr_ws/install/elevation_map_msgs:/home/kartik/hamr_ws/install/convex_plane_decomposition_msgs:/home/kartik/hamr_ws/install/compa_description:/home/kartik/hamr_ws/install/cgal5_ament:/home/kartik/RL_uav_ws/install/uav_teleop_node:/home/kartik/RL_uav_ws/install/uav_rl_agent:/home/kartik/RL_uav_ws/install/uav_msp_bridge:/home/kartik/RL_uav_ws/install/uav_control_cpp:/opt/ros/jazzy/opt/gz_sim_vendor:/opt/ros/jazzy/opt/gz_sensors_vendor:/opt/ros/jazzy/opt/gz_physics_vendor:/opt/ros/jazzy/opt/sdformat_vendor:/opt/ros/jazzy/opt/gz_gui_vendor:/opt/ros/jazzy/opt/gz_transport_vendor:/opt/ros/jazzy/opt/gz_rendering_vendor:/opt/ros/jazzy/opt/gz_plugin_vendor:/opt/ros/jazzy/opt/gz_fuel_tools_vendor:/opt/ros/jazzy/opt/gz_msgs_vendor:/opt/ros/jazzy/opt/gz_common_vendor:/opt/ros/jazzy/opt/gz_math_vendor:/opt/ros/jazzy/opt/gz_utils_vendor:/opt/ros/jazzy/opt/gz_tools_vendor:/opt/ros/jazzy/opt/gz_ogre_next_vendor:/opt/ros/jazzy/opt/gz_dartsim_vendor:/opt/ros/jazzy/opt/gz_cmake_vendor DEBUGINFOD_URLS=https://debuginfod.ubuntu.com /usr/bin/cmake --build /home/kartik/li_bot/build/libot_bringup -- -j16 -l16
[0.775s] DEBUG:colcon.colcon_core.event_handler.log_command:Invoking command in '/home/kartik/li_bot/build/libot_bringup': CMAKE_PREFIX_PATH=/home/kartik/hamr_ws/install/hamr_uros_bridge:/home/kartik/hamr_ws/install/hamr_teleop:/home/kartik/hamr_ws/install/hamr_realsense_terrain:/home/kartik/hamr_ws/install/hamr_pcl_generator:/home/kartik/hamr_ws/install/hamr_control_cpp:/home/kartik/hamr_ws/install/hamr_interfaces:/home/kartik/hamr_ws/install/hamr_gimbal_control:/home/kartik/hamr_ws/install/hamr_description:/home/kartik/hamr_ws/install/hamr_bringup:/home/kartik/hamr_ws/install/convex_plane_decomposition_ros:/home/kartik/li_bot/install/li_bot_bringup:/home/kartik/hamr_ws/install/reference_trajectory:/home/kartik/hamr_ws/install/hamr_control:/home/kartik/hamr_ws/install/compa_control_py:/opt/ros/jazzy:/home/kartik/hamr_ws/install/convex_plane_decomposition:/home/kartik/hamr_ws/install/grid_map_filters_rsl:/home/kartik/hamr_ws/install/elevation_mapping_cupy:/home/kartik/hamr_ws/install/elevation_map_msgs:/home/kartik/hamr_ws/install/convex_plane_decomposition_msgs:/home/kartik/hamr_ws/install/compa_description:/home/kartik/hamr_ws/install/cgal5_ament:/home/kartik/RL_uav_ws/install/uav_teleop_node:/home/kartik/RL_uav_ws/install/uav_rl_agent:/home/kartik/RL_uav_ws/install/uav_msp_bridge:/home/kartik/RL_uav_ws/install/uav_control_cpp:/opt/ros/jazzy/opt/gz_sim_vendor:/opt/ros/jazzy/opt/gz_sensors_vendor:/opt/ros/jazzy/opt/gz_physics_vendor:/opt/ros/jazzy/opt/sdformat_vendor:/opt/ros/jazzy/opt/gz_gui_vendor:/opt/ros/jazzy/opt/gz_transport_vendor:/opt/ros/jazzy/opt/gz_rendering_vendor:/opt/ros/jazzy/opt/gz_plugin_vendor:/opt/ros/jazzy/opt/gz_fuel_tools_vendor:/opt/ros/jazzy/opt/gz_msgs_vendor:/opt/ros/jazzy/opt/gz_common_vendor:/opt/ros/jazzy/opt/gz_math_vendor:/opt/ros/jazzy/opt/gz_utils_vendor:/opt/ros/jazzy/opt/gz_tools_vendor:/opt/ros/jazzy/opt/gz_ogre_next_vendor:/opt/ros/jazzy/opt/gz_dartsim_vendor:/opt/ros/jazzy/opt/gz_cmake_vendor DEBUGINFOD_URLS=https://debuginfod.ubuntu.com /usr/bin/cmake --install /home/kartik/li_bot/build/libot_bringup
[0.919s] DEBUG:colcon.colcon_core.task.python.build:While undoing a previous installation files outside the Python library path are being ignored: /home/kartik/li_bot/install/li_bot_bringup/share/ament_index/resource_index/packages/li_bot_bringup
[0.919s] DEBUG:colcon.colcon_core.task.python.build:While undoing a previous installation files outside the Python library path are being ignored: /home/kartik/li_bot/install/li_bot_bringup/share/li_bot_bringup/package.xml
[0.919s] DEBUG:colcon.colcon_core.task.python.build:While undoing a previous installation files outside the Python library path are being ignored: /home/kartik/li_bot/install/li_bot_bringup/share/li_bot_bringup/launch/bringup_sensors.launch.py
[0.919s] DEBUG:colcon.colcon_core.task.python.build:While undoing a previous installation files outside the Python library path are being ignored: /home/kartik/li_bot/install/li_bot_bringup/share/li_bot_bringup/launch/slam_async.launch.py
[0.919s] DEBUG:colcon.colcon_core.task.python.build:While undoing a previous installation files outside the Python library path are being ignored: /home/kartik/li_bot/install/li_bot_bringup/share/li_bot_bringup/launch/bringup_state_estimation.launch.py
[0.919s] DEBUG:colcon.colcon_core.task.python.build:While undoing a previous installation files outside the Python library path are being ignored: /home/kartik/li_bot/install/li_bot_bringup/share/li_bot_bringup/launch/bringup_full.launch.py
[0.919s] DEBUG:colcon.colcon_core.task.python.build:While undoing a previous installation files outside the Python library path are being ignored: /home/kartik/li_bot/install/li_bot_bringup/share/li_bot_bringup/launch/static_tfs.launch.py
[0.919s] DEBUG:colcon.colcon_core.task.python.build:While undoing a previous installation files outside the Python library path are being ignored: /home/kartik/li_bot/install/li_bot_bringup/share/li_bot_bringup/config/slam_config.yaml
[0.919s] DEBUG:colcon.colcon_core.task.python.build:While undoing a previous installation files outside the Python library path are being ignored: /home/kartik/li_bot/install/li_bot_bringup/share/li_bot_bringup/config/ekf_imu.yaml
[0.919s] DEBUG:colcon.colcon_core.task.python.build:While undoing a previous installation files outside the Python library path are being ignored: /home/kartik/li_bot/install/li_bot_bringup/share/li_bot_bringup/rviz/bringup.rviz
[0.921s] DEBUG:colcon.colcon_core.event_handler.log_command:Invoking command in '/home/kartik/li_bot/build/li_bot_bringup': DEBUGINFOD_URLS=https://debuginfod.ubuntu.com PYTHONPATH=/home/kartik/li_bot/build/li_bot_bringup/prefix_override:/usr/lib/python3/dist-packages/colcon_core/task/python/colcon_distutils_commands:/home/kartik/li_bot/install/li_bot_bringup/lib/python3.12/site-packages:${PYTHONPATH} /usr/bin/python3 -W ignore:setup.py install is deprecated -W ignore:easy_install command is deprecated setup.py develop --editable --build-directory /home/kartik/li_bot/build/li_bot_bringup/build --no-deps symlink_data --force
[0.944s] Level 1:colcon.colcon_core.environment:create_environment_scripts_only(libot_bringup)
[0.945s] DEBUG:colcon.colcon_core.event_handler.log_command:Invoked command in '/home/kartik/li_bot/build/libot_bringup' returned '0': CMAKE_PREFIX_PATH=/home/kartik/hamr_ws/install/hamr_uros_bridge:/home/kartik/hamr_ws/install/hamr_teleop:/home/kartik/hamr_ws/install/hamr_realsense_terrain:/home/kartik/hamr_ws/install/hamr_pcl_generator:/home/kartik/hamr_ws/install/hamr_control_cpp:/home/kartik/hamr_ws/install/hamr_interfaces:/home/kartik/hamr_ws/install/hamr_gimbal_control:/home/kartik/hamr_ws/install/hamr_description:/home/kartik/hamr_ws/install/hamr_bringup:/home/kartik/hamr_ws/install/convex_plane_decomposition_ros:/home/kartik/li_bot/install/li_bot_bringup:/home/kartik/hamr_ws/install/reference_trajectory:/home/kartik/hamr_ws/install/hamr_control:/home/kartik/hamr_ws/install/compa_control_py:/opt/ros/jazzy:/home/kartik/hamr_ws/install/convex_plane_decomposition:/home/kartik/hamr_ws/install/grid_map_filters_rsl:/home/kartik/hamr_ws/install/elevation_mapping_cupy:/home/kartik/hamr_ws/install/elevation_map_msgs:/home/kartik/hamr_ws/install/convex_plane_decomposition_msgs:/home/kartik/hamr_ws/install/compa_description:/home/kartik/hamr_ws/install/cgal5_ament:/home/kartik/RL_uav_ws/install/uav_teleop_node:/home/kartik/RL_uav_ws/install/uav_rl_agent:/home/kartik/RL_uav_ws/install/uav_msp_bridge:/home/kartik/RL_uav_ws/install/uav_control_cpp:/opt/ros/jazzy/opt/gz_sim_vendor:/opt/ros/jazzy/opt/gz_sensors_vendor:/opt/ros/jazzy/opt/gz_physics_vendor:/opt/ros/jazzy/opt/sdformat_vendor:/opt/ros/jazzy/opt/gz_gui_vendor:/opt/ros/jazzy/opt/gz_transport_vendor:/opt/ros/jazzy/opt/gz_rendering_vendor:/opt/ros/jazzy/opt/gz_plugin_vendor:/opt/ros/jazzy/opt/gz_fuel_tools_vendor:/opt/ros/jazzy/opt/gz_msgs_vendor:/opt/ros/jazzy/opt/gz_common_vendor:/opt/ros/jazzy/opt/gz_math_vendor:/opt/ros/jazzy/opt/gz_utils_vendor:/opt/ros/jazzy/opt/gz_tools_vendor:/opt/ros/jazzy/opt/gz_ogre_next_vendor:/opt/ros/jazzy/opt/gz_dartsim_vendor:/opt/ros/jazzy/opt/gz_cmake_vendor DEBUGINFOD_URLS=https://debuginfod.ubuntu.com /usr/bin/cmake --install /home/kartik/li_bot/build/libot_bringup
[0.946s] Level 1:colcon.colcon_core.environment:checking '/home/kartik/li_bot/install/libot_bringup' for CMake module files
[0.947s] Level 1:colcon.colcon_core.environment:checking '/home/kartik/li_bot/install/libot_bringup' for CMake config files
[0.947s] Level 1:colcon.colcon_core.shell:create_environment_hook('libot_bringup', 'cmake_prefix_path')
[0.947s] INFO:colcon.colcon_core.shell:Creating environment hook '/home/kartik/li_bot/install/libot_bringup/share/libot_bringup/hook/cmake_prefix_path.ps1'
[0.947s] INFO:colcon.colcon_core.shell:Creating environment descriptor '/home/kartik/li_bot/install/libot_bringup/share/libot_bringup/hook/cmake_prefix_path.dsv'
[0.947s] INFO:colcon.colcon_core.shell:Creating environment hook '/home/kartik/li_bot/install/libot_bringup/share/libot_bringup/hook/cmake_prefix_path.sh'
[0.948s] Level 1:colcon.colcon_core.environment:checking '/home/kartik/li_bot/install/libot_bringup/bin'
[0.948s] Level 1:colcon.colcon_core.environment:checking '/home/kartik/li_bot/install/libot_bringup/lib/pkgconfig/libot_bringup.pc'
[0.948s] Level 1:colcon.colcon_core.environment:checking '/home/kartik/li_bot/install/libot_bringup/lib/python3.12/site-packages'
[0.948s] Level 1:colcon.colcon_core.environment:checking '/home/kartik/li_bot/install/libot_bringup/bin'
[0.948s] INFO:colcon.colcon_core.shell:Creating package script '/home/kartik/li_bot/install/libot_bringup/share/libot_bringup/package.ps1'
[0.949s] INFO:colcon.colcon_core.shell:Creating package descriptor '/home/kartik/li_bot/install/libot_bringup/share/libot_bringup/package.dsv'
[0.949s] INFO:colcon.colcon_core.shell:Creating package script '/home/kartik/li_bot/install/libot_bringup/share/libot_bringup/package.sh'
[0.949s] INFO:colcon.colcon_core.shell:Creating package script '/home/kartik/li_bot/install/libot_bringup/share/libot_bringup/package.bash'
[0.950s] INFO:colcon.colcon_core.shell:Creating package script '/home/kartik/li_bot/install/libot_bringup/share/libot_bringup/package.zsh'
[0.950s] Level 1:colcon.colcon_core.environment:create_file_with_runtime_dependencies(/home/kartik/li_bot/install/libot_bringup/share/colcon-core/packages/libot_bringup)
[0.951s] Level 1:colcon.colcon_core.environment:create_environment_scripts_only(libot_bringup)
[0.951s] Level 1:colcon.colcon_core.environment:checking '/home/kartik/li_bot/install/libot_bringup' for CMake module files
[0.951s] Level 1:colcon.colcon_core.environment:checking '/home/kartik/li_bot/install/libot_bringup' for CMake config files
[0.952s] Level 1:colcon.colcon_core.shell:create_environment_hook('libot_bringup', 'cmake_prefix_path')
[0.952s] INFO:colcon.colcon_core.shell:Creating environment hook '/home/kartik/li_bot/install/libot_bringup/share/libot_bringup/hook/cmake_prefix_path.ps1'
[0.952s] INFO:colcon.colcon_core.shell:Creating environment descriptor '/home/kartik/li_bot/install/libot_bringup/share/libot_bringup/hook/cmake_prefix_path.dsv'
[0.952s] INFO:colcon.colcon_core.shell:Creating environment hook '/home/kartik/li_bot/install/libot_bringup/share/libot_bringup/hook/cmake_prefix_path.sh'
[0.953s] Level 1:colcon.colcon_core.environment:checking '/home/kartik/li_bot/install/libot_bringup/bin'
[0.953s] Level 1:colcon.colcon_core.environment:checking '/home/kartik/li_bot/install/libot_bringup/lib/pkgconfig/libot_bringup.pc'
[0.953s] Level 1:colcon.colcon_core.environment:checking '/home/kartik/li_bot/install/libot_bringup/lib/python3.12/site-packages'
[0.953s] Level 1:colcon.colcon_core.environment:checking '/home/kartik/li_bot/install/libot_bringup/bin'
[0.953s] INFO:colcon.colcon_core.shell:Creating package script '/home/kartik/li_bot/install/libot_bringup/share/libot_bringup/package.ps1'
[0.953s] INFO:colcon.colcon_core.shell:Creating package descriptor '/home/kartik/li_bot/install/libot_bringup/share/libot_bringup/package.dsv'
[0.954s] INFO:colcon.colcon_core.shell:Creating package script '/home/kartik/li_bot/install/libot_bringup/share/libot_bringup/package.sh'
[0.954s] INFO:colcon.colcon_core.shell:Creating package script '/home/kartik/li_bot/install/libot_bringup/share/libot_bringup/package.bash'
[0.954s] INFO:colcon.colcon_core.shell:Creating package script '/home/kartik/li_bot/install/libot_bringup/share/libot_bringup/package.zsh'
[0.954s] Level 1:colcon.colcon_core.environment:create_file_with_runtime_dependencies(/home/kartik/li_bot/install/libot_bringup/share/colcon-core/packages/libot_bringup)
[1.030s] Level 1:colcon.colcon_core.environment:create_environment_scripts_only(libot_description)
[1.030s] Level 1:colcon.colcon_core.environment:checking '/home/kartik/li_bot/install/libot_description' for CMake module files
[1.030s] DEBUG:colcon.colcon_core.event_handler.log_command:Invoked command in '/home/kartik/li_bot/build/libot_description' returned '0': CMAKE_PREFIX_PATH=/home/kartik/hamr_ws/install/hamr_uros_bridge:/home/kartik/hamr_ws/install/hamr_teleop:/home/kartik/hamr_ws/install/hamr_realsense_terrain:/home/kartik/hamr_ws/install/hamr_pcl_generator:/home/kartik/hamr_ws/install/hamr_control_cpp:/home/kartik/hamr_ws/install/hamr_interfaces:/home/kartik/hamr_ws/install/hamr_gimbal_control:/home/kartik/hamr_ws/install/hamr_description:/home/kartik/hamr_ws/install/hamr_bringup:/home/kartik/hamr_ws/install/convex_plane_decomposition_ros:/home/kartik/li_bot/install/li_bot_bringup:/home/kartik/hamr_ws/install/reference_trajectory:/home/kartik/hamr_ws/install/hamr_control:/home/kartik/hamr_ws/install/compa_control_py:/opt/ros/jazzy:/home/kartik/hamr_ws/install/convex_plane_decomposition:/home/kartik/hamr_ws/install/grid_map_filters_rsl:/home/kartik/hamr_ws/install/elevation_mapping_cupy:/home/kartik/hamr_ws/install/elevation_map_msgs:/home/kartik/hamr_ws/install/convex_plane_decomposition_msgs:/home/kartik/hamr_ws/install/compa_description:/home/kartik/hamr_ws/install/cgal5_ament:/home/kartik/RL_uav_ws/install/uav_teleop_node:/home/kartik/RL_uav_ws/install/uav_rl_agent:/home/kartik/RL_uav_ws/install/uav_msp_bridge:/home/kartik/RL_uav_ws/install/uav_control_cpp:/opt/ros/jazzy/opt/gz_sim_vendor:/opt/ros/jazzy/opt/gz_sensors_vendor:/opt/ros/jazzy/opt/gz_physics_vendor:/opt/ros/jazzy/opt/sdformat_vendor:/opt/ros/jazzy/opt/gz_gui_vendor:/opt/ros/jazzy/opt/gz_transport_vendor:/opt/ros/jazzy/opt/gz_rendering_vendor:/opt/ros/jazzy/opt/gz_plugin_vendor:/opt/ros/jazzy/opt/gz_fuel_tools_vendor:/opt/ros/jazzy/opt/gz_msgs_vendor:/opt/ros/jazzy/opt/gz_common_vendor:/opt/ros/jazzy/opt/gz_math_vendor:/opt/ros/jazzy/opt/gz_utils_vendor:/opt/ros/jazzy/opt/gz_tools_vendor:/opt/ros/jazzy/opt/gz_ogre_next_vendor:/opt/ros/jazzy/opt/gz_dartsim_vendor:/opt/ros/jazzy/opt/gz_cmake_vendor DEBUGINFOD_URLS=https://debuginfod.ubuntu.com /usr/bin/cmake --install /home/kartik/li_bot/build/libot_description
[1.031s] Level 1:colcon.colcon_core.environment:checking '/home/kartik/li_bot/install/libot_description' for CMake config files
[1.031s] Level 1:colcon.colcon_core.shell:create_environment_hook('libot_description', 'cmake_prefix_path')
[1.031s] INFO:colcon.colcon_core.shell:Creating environment hook '/home/kartik/li_bot/install/libot_description/share/libot_description/hook/cmake_prefix_path.ps1'
[1.031s] INFO:colcon.colcon_core.shell:Creating environment descriptor '/home/kartik/li_bot/install/libot_description/share/libot_description/hook/cmake_prefix_path.dsv'
[1.032s] INFO:colcon.colcon_core.shell:Creating environment hook '/home/kartik/li_bot/install/libot_description/share/libot_description/hook/cmake_prefix_path.sh'
[1.032s] Level 1:colcon.colcon_core.environment:checking '/home/kartik/li_bot/install/libot_description/bin'
[1.032s] Level 1:colcon.colcon_core.environment:checking '/home/kartik/li_bot/install/libot_description/lib/pkgconfig/libot_description.pc'
[1.032s] Level 1:colcon.colcon_core.environment:checking '/home/kartik/li_bot/install/libot_description/lib/python3.12/site-packages'
[1.032s] Level 1:colcon.colcon_core.environment:checking '/home/kartik/li_bot/install/libot_description/bin'
[1.032s] INFO:colcon.colcon_core.shell:Creating package script '/home/kartik/li_bot/install/libot_description/share/libot_description/package.ps1'
[1.033s] INFO:colcon.colcon_core.shell:Creating package descriptor '/home/kartik/li_bot/install/libot_description/share/libot_description/package.dsv'
[1.033s] INFO:colcon.colcon_core.shell:Creating package script '/home/kartik/li_bot/install/libot_description/share/libot_description/package.sh'
[1.033s] INFO:colcon.colcon_core.shell:Creating package script '/home/kartik/li_bot/install/libot_description/share/libot_description/package.bash'
[1.033s] INFO:colcon.colcon_core.shell:Creating package script '/home/kartik/li_bot/install/libot_description/share/libot_description/package.zsh'
[1.033s] Level 1:colcon.colcon_core.environment:create_file_with_runtime_dependencies(/home/kartik/li_bot/install/libot_description/share/colcon-core/packages/libot_description)
[1.034s] Level 1:colcon.colcon_core.environment:create_environment_scripts_only(libot_description)
[1.034s] Level 1:colcon.colcon_core.environment:checking '/home/kartik/li_bot/install/libot_description' for CMake module files
[1.034s] Level 1:colcon.colcon_core.environment:checking '/home/kartik/li_bot/install/libot_description' for CMake config files
[1.034s] Level 1:colcon.colcon_core.shell:create_environment_hook('libot_description', 'cmake_prefix_path')
[1.034s] INFO:colcon.colcon_core.shell:Creating environment hook '/home/kartik/li_bot/install/libot_description/share/libot_description/hook/cmake_prefix_path.ps1'
[1.035s] INFO:colcon.colcon_core.shell:Creating environment descriptor '/home/kartik/li_bot/install/libot_description/share/libot_description/hook/cmake_prefix_path.dsv'
[1.035s] INFO:colcon.colcon_core.shell:Creating environment hook '/home/kartik/li_bot/install/libot_description/share/libot_description/hook/cmake_prefix_path.sh'
[1.035s] Level 1:colcon.colcon_core.environment:checking '/home/kartik/li_bot/install/libot_description/bin'
[1.035s] Level 1:colcon.colcon_core.environment:checking '/home/kartik/li_bot/install/libot_description/lib/pkgconfig/libot_description.pc'
[1.035s] Level 1:colcon.colcon_core.environment:checking '/home/kartik/li_bot/install/libot_description/lib/python3.12/site-packages'
[1.035s] Level 1:colcon.colcon_core.environment:checking '/home/kartik/li_bot/install/libot_description/bin'
[1.036s] INFO:colcon.colcon_core.shell:Creating package script '/home/kartik/li_bot/install/libot_description/share/libot_description/package.ps1'
[1.036s] INFO:colcon.colcon_core.shell:Creating package descriptor '/home/kartik/li_bot/install/libot_description/share/libot_description/package.dsv'
[1.036s] INFO:colcon.colcon_core.shell:Creating package script '/home/kartik/li_bot/install/libot_description/share/libot_description/package.sh'
[1.036s] INFO:colcon.colcon_core.shell:Creating package script '/home/kartik/li_bot/install/libot_description/share/libot_description/package.bash'
[1.036s] INFO:colcon.colcon_core.shell:Creating package script '/home/kartik/li_bot/install/libot_description/share/libot_description/package.zsh'
[1.037s] Level 1:colcon.colcon_core.environment:create_file_with_runtime_dependencies(/home/kartik/li_bot/install/libot_description/share/colcon-core/packages/libot_description)
[1.398s] Level 1:colcon.colcon_core.shell:create_environment_hook('li_bot_bringup', 'pythonpath_develop')
[1.398s] INFO:colcon.colcon_core.shell:Creating environment hook '/home/kartik/li_bot/build/li_bot_bringup/share/li_bot_bringup/hook/pythonpath_develop.ps1'
[1.399s] DEBUG:colcon.colcon_core.event_handler.log_command:Invoked command in '/home/kartik/li_bot/build/li_bot_bringup' returned '0': DEBUGINFOD_URLS=https://debuginfod.ubuntu.com PYTHONPATH=/home/kartik/li_bot/build/li_bot_bringup/prefix_override:/usr/lib/python3/dist-packages/colcon_core/task/python/colcon_distutils_commands:/home/kartik/li_bot/install/li_bot_bringup/lib/python3.12/site-packages:${PYTHONPATH} /usr/bin/python3 -W ignore:setup.py install is deprecated -W ignore:easy_install command is deprecated setup.py develop --editable --build-directory /home/kartik/li_bot/build/li_bot_bringup/build --no-deps symlink_data --force
[1.399s] INFO:colcon.colcon_core.shell:Creating environment descriptor '/home/kartik/li_bot/build/li_bot_bringup/share/li_bot_bringup/hook/pythonpath_develop.dsv'
[1.399s] INFO:colcon.colcon_core.shell:Creating environment hook '/home/kartik/li_bot/build/li_bot_bringup/share/li_bot_bringup/hook/pythonpath_develop.sh'
[1.399s] Level 1:colcon.colcon_core.environment:checking '/home/kartik/li_bot/install/li_bot_bringup' for CMake module files
[1.400s] Level 1:colcon.colcon_core.environment:checking '/home/kartik/li_bot/install/li_bot_bringup' for CMake config files
[1.400s] Level 1:colcon.colcon_core.environment:checking '/home/kartik/li_bot/install/li_bot_bringup/lib'
[1.400s] Level 1:colcon.colcon_core.environment:checking '/home/kartik/li_bot/install/li_bot_bringup/bin'
[1.400s] Level 1:colcon.colcon_core.environment:checking '/home/kartik/li_bot/install/li_bot_bringup/lib/pkgconfig/li_bot_bringup.pc'
[1.400s] Level 1:colcon.colcon_core.environment:checking '/home/kartik/li_bot/install/li_bot_bringup/lib/python3.12/site-packages'
[1.401s] Level 1:colcon.colcon_core.shell:create_environment_hook('li_bot_bringup', 'pythonpath')
[1.401s] INFO:colcon.colcon_core.shell:Creating environment hook '/home/kartik/li_bot/install/li_bot_bringup/share/li_bot_bringup/hook/pythonpath.ps1'
[1.401s] INFO:colcon.colcon_core.shell:Creating environment descriptor '/home/kartik/li_bot/install/li_bot_bringup/share/li_bot_bringup/hook/pythonpath.dsv'
[1.401s] INFO:colcon.colcon_core.shell:Creating environment hook '/home/kartik/li_bot/install/li_bot_bringup/share/li_bot_bringup/hook/pythonpath.sh'
[1.402s] Level 1:colcon.colcon_core.environment:checking '/home/kartik/li_bot/install/li_bot_bringup/bin'
[1.402s] Level 1:colcon.colcon_core.environment:create_environment_scripts_only(li_bot_bringup)
[1.402s] INFO:colcon.colcon_core.shell:Creating package script '/home/kartik/li_bot/install/li_bot_bringup/share/li_bot_bringup/package.ps1'
[1.402s] INFO:colcon.colcon_core.shell:Creating package descriptor '/home/kartik/li_bot/install/li_bot_bringup/share/li_bot_bringup/package.dsv'
[1.402s] INFO:colcon.colcon_core.shell:Creating package script '/home/kartik/li_bot/install/li_bot_bringup/share/li_bot_bringup/package.sh'
[1.403s] INFO:colcon.colcon_core.shell:Creating package script '/home/kartik/li_bot/install/li_bot_bringup/share/li_bot_bringup/package.bash'
[1.403s] INFO:colcon.colcon_core.shell:Creating package script '/home/kartik/li_bot/install/li_bot_bringup/share/li_bot_bringup/package.zsh'
[1.403s] Level 1:colcon.colcon_core.environment:create_file_with_runtime_dependencies(/home/kartik/li_bot/install/li_bot_bringup/share/colcon-core/packages/li_bot_bringup)
[1.403s] DEBUG:colcon.colcon_parallel_executor.executor.parallel:closing loop
[1.403s] DEBUG:colcon.colcon_parallel_executor.executor.parallel:loop closed
[1.403s] DEBUG:colcon.colcon_parallel_executor.executor.parallel:run_until_complete finished with '0'
[1.403s] DEBUG:colcon.colcon_core.event_reactor:joining thread
[1.407s] INFO:colcon.colcon_core.plugin_system:Skipping extension 'colcon_notification.desktop_notification.terminal_notifier': Not used on non-Darwin systems
[1.407s] INFO:colcon.colcon_core.plugin_system:Skipping extension 'colcon_notification.desktop_notification.win32': Not used on non-Windows systems
[1.407s] INFO:colcon.colcon_notification.desktop_notification:Sending desktop notification using 'notify2'
[1.429s] DEBUG:colcon.colcon_core.event_reactor:joined thread
[1.429s] INFO:colcon.colcon_core.shell:Creating prefix script '/home/kartik/li_bot/install/local_setup.ps1'
[1.430s] INFO:colcon.colcon_core.shell:Creating prefix util module '/home/kartik/li_bot/install/_local_setup_util_ps1.py'
[1.430s] INFO:colcon.colcon_core.shell:Creating prefix chain script '/home/kartik/li_bot/install/setup.ps1'
[1.431s] INFO:colcon.colcon_core.shell:Creating prefix script '/home/kartik/li_bot/install/local_setup.sh'
[1.432s] INFO:colcon.colcon_core.shell:Creating prefix util module '/home/kartik/li_bot/install/_local_setup_util_sh.py'
[1.432s] INFO:colcon.colcon_core.shell:Creating prefix chain script '/home/kartik/li_bot/install/setup.sh'
[1.433s] INFO:colcon.colcon_core.shell:Creating prefix script '/home/kartik/li_bot/install/local_setup.bash'
[1.433s] INFO:colcon.colcon_core.shell:Creating prefix chain script '/home/kartik/li_bot/install/setup.bash'
[1.434s] INFO:colcon.colcon_core.shell:Creating prefix script '/home/kartik/li_bot/install/local_setup.zsh'
[1.435s] INFO:colcon.colcon_core.shell:Creating prefix chain script '/home/kartik/li_bot/install/setup.zsh'
