[0.656s] Invoking command in '/home/kartik/li_bot/build/li_bot_bringup': DEBUGINFOD_URLS=https://debuginfod.ubuntu.com PYTHONPATH=/home/kartik/li_bot/build/li_bot_bringup/prefix_override:/usr/lib/python3/dist-packages/colcon_core/task/python/colcon_distutils_commands:/home/kartik/li_bot/install/li_bot_bringup/lib/python3.12/site-packages:${PYTHONPATH} /usr/bin/python3 -W ignore:setup.py install is deprecated -W ignore:easy_install command is deprecated setup.py develop --editable --build-directory /home/kartik/li_bot/build/li_bot_bringup/build --no-deps symlink_data
[0.923s] running develop
[1.094s] running egg_info
[1.095s] creating li_bot_bringup.egg-info
[1.110s] writing li_bot_bringup.egg-info/PKG-INFO
[1.110s] writing dependency_links to li_bot_bringup.egg-info/dependency_links.txt
[1.111s] writing requirements to li_bot_bringup.egg-info/requires.txt
[1.111s] writing top-level names to li_bot_bringup.egg-info/top_level.txt
[1.111s] writing manifest file 'li_bot_bringup.egg-info/SOURCES.txt'
[1.145s] reading manifest file 'li_bot_bringup.egg-info/SOURCES.txt'
[1.145s] writing manifest file 'li_bot_bringup.egg-info/SOURCES.txt'
[1.164s] running build_ext
[1.164s] Creating /home/kartik/li_bot/install/li_bot_bringup/lib/python3.12/site-packages/li-bot-bringup.egg-link (link to .)
[1.164s] 
[1.164s] Installed /home/kartik/li_bot/build/li_bot_bringup
[1.164s] running symlink_data
[1.165s] creating /home/kartik/li_bot/install/li_bot_bringup/share/ament_index
[1.165s] creating /home/kartik/li_bot/install/li_bot_bringup/share/ament_index/resource_index
[1.165s] creating /home/kartik/li_bot/install/li_bot_bringup/share/ament_index/resource_index/packages
[1.165s] symbolically linking /home/kartik/li_bot/build/li_bot_bringup/resource/li_bot_bringup -> /home/kartik/li_bot/install/li_bot_bringup/share/ament_index/resource_index/packages
[1.165s] symbolically linking /home/kartik/li_bot/build/li_bot_bringup/package.xml -> /home/kartik/li_bot/install/li_bot_bringup/share/li_bot_bringup
[1.165s] creating /home/kartik/li_bot/install/li_bot_bringup/share/li_bot_bringup/launch
[1.165s] symbolically linking /home/kartik/li_bot/build/li_bot_bringup/launch/bringup_sensors.launch.py -> /home/kartik/li_bot/install/li_bot_bringup/share/li_bot_bringup/launch
[1.165s] symbolically linking /home/kartik/li_bot/build/li_bot_bringup/launch/slam_async.launch.py -> /home/kartik/li_bot/install/li_bot_bringup/share/li_bot_bringup/launch
[1.165s] symbolically linking /home/kartik/li_bot/build/li_bot_bringup/launch/bringup_state_estimation.launch.py -> /home/kartik/li_bot/install/li_bot_bringup/share/li_bot_bringup/launch
[1.165s] symbolically linking /home/kartik/li_bot/build/li_bot_bringup/launch/bringup_full.launch.py -> /home/kartik/li_bot/install/li_bot_bringup/share/li_bot_bringup/launch
[1.165s] symbolically linking /home/kartik/li_bot/build/li_bot_bringup/launch/static_tfs.launch.py -> /home/kartik/li_bot/install/li_bot_bringup/share/li_bot_bringup/launch
[1.165s] creating /home/kartik/li_bot/install/li_bot_bringup/share/li_bot_bringup/config
[1.166s] symbolically linking /home/kartik/li_bot/build/li_bot_bringup/config/slam_config.yaml -> /home/kartik/li_bot/install/li_bot_bringup/share/li_bot_bringup/config
[1.166s] symbolically linking /home/kartik/li_bot/build/li_bot_bringup/config/ekf_imu.yaml -> /home/kartik/li_bot/install/li_bot_bringup/share/li_bot_bringup/config
[1.166s] creating /home/kartik/li_bot/install/li_bot_bringup/share/li_bot_bringup/rviz
[1.166s] symbolically linking /home/kartik/li_bot/build/li_bot_bringup/rviz/bringup.rviz -> /home/kartik/li_bot/install/li_bot_bringup/share/li_bot_bringup/rviz
[1.193s] Invoked command in '/home/kartik/li_bot/build/li_bot_bringup' returned '0': DEBUGINFOD_URLS=https://debuginfod.ubuntu.com PYTHONPATH=/home/kartik/li_bot/build/li_bot_bringup/prefix_override:/usr/lib/python3/dist-packages/colcon_core/task/python/colcon_distutils_commands:/home/kartik/li_bot/install/li_bot_bringup/lib/python3.12/site-packages:${PYTHONPATH} /usr/bin/python3 -W ignore:setup.py install is deprecated -W ignore:easy_install command is deprecated setup.py develop --editable --build-directory /home/kartik/li_bot/build/li_bot_bringup/build --no-deps symlink_data
