[0.723s] Invoking command in '/home/kartik/li_bot/src/li_bot_bringup': DEBUGINFOD_URLS=https://debuginfod.ubuntu.com PYTHONPATH=/home/kartik/li_bot/build/li_bot_bringup/prefix_override:/usr/lib/python3/dist-packages/colcon_core/task/python/colcon_distutils_commands:/home/kartik/li_bot/install/li_bot_bringup/lib/python3.12/site-packages:${PYTHONPATH} /usr/bin/python3 -W ignore:setup.py install is deprecated -W ignore:easy_install command is deprecated setup.py egg_info --egg-base ../../build/li_bot_bringup build --build-base /home/kartik/li_bot/build/li_bot_bringup/build install --record /home/kartik/li_bot/build/li_bot_bringup/install.log --single-version-externally-managed install_data
[0.903s] running egg_info
[0.917s] writing ../../build/li_bot_bringup/li_bot_bringup.egg-info/PKG-INFO
[0.918s] writing dependency_links to ../../build/li_bot_bringup/li_bot_bringup.egg-info/dependency_links.txt
[0.918s] writing requirements to ../../build/li_bot_bringup/li_bot_bringup.egg-info/requires.txt
[0.918s] writing top-level names to ../../build/li_bot_bringup/li_bot_bringup.egg-info/top_level.txt
[0.946s] reading manifest file '../../build/li_bot_bringup/li_bot_bringup.egg-info/SOURCES.txt'
[0.946s] writing manifest file '../../build/li_bot_bringup/li_bot_bringup.egg-info/SOURCES.txt'
[0.946s] running build
[0.947s] running build_py
[0.947s] running install
[0.950s] running install_lib
[0.965s] running install_data
[0.965s] copying launch/bringup_full.launch.py -> /home/kartik/li_bot/install/li_bot_bringup/share/li_bot_bringup/launch
[0.965s] running install_egg_info
[0.980s] removing '/home/kartik/li_bot/install/li_bot_bringup/lib/python3.12/site-packages/li_bot_bringup-0.1.0-py3.12.egg-info' (and everything under it)
[0.980s] Copying ../../build/li_bot_bringup/li_bot_bringup.egg-info to /home/kartik/li_bot/install/li_bot_bringup/lib/python3.12/site-packages/li_bot_bringup-0.1.0-py3.12.egg-info
[0.980s] running install_scripts
[1.083s] writing list of installed files to '/home/kartik/li_bot/build/li_bot_bringup/install.log'
[1.101s] Invoked command in '/home/kartik/li_bot/src/li_bot_bringup' returned '0': DEBUGINFOD_URLS=https://debuginfod.ubuntu.com PYTHONPATH=/home/kartik/li_bot/build/li_bot_bringup/prefix_override:/usr/lib/python3/dist-packages/colcon_core/task/python/colcon_distutils_commands:/home/kartik/li_bot/install/li_bot_bringup/lib/python3.12/site-packages:${PYTHONPATH} /usr/bin/python3 -W ignore:setup.py install is deprecated -W ignore:easy_install command is deprecated setup.py egg_info --egg-base ../../build/li_bot_bringup build --build-base /home/kartik/li_bot/build/li_bot_bringup/build install --record /home/kartik/li_bot/build/li_bot_bringup/install.log --single-version-externally-managed install_data
