-- Found ament_cmake: 2.5.4 (/opt/ros/jazzy/share/ament_cmake/cmake)
-- Override CMake install command with custom implementation using symlinks instead of copying resources
-- Configuring done (0.2s)
-- Generating done (0.0s)
-- Build files have been written to: /home/kartik/li_bot/build/libot_description
-- Install configuration: ""
-- Execute custom install script
-- Symlinking: /home/kartik/li_bot/install/libot_description/share/libot_description//urdf/arm.xacro
-- Symlinking: /home/kartik/li_bot/install/libot_description/share/libot_description//urdf/arm_gazebo.xacro
-- Symlinking: /home/kartik/li_bot/install/libot_description/share/libot_description//urdf/camera.xacro
-- Symlinking: /home/kartik/li_bot/install/libot_description/share/libot_description//urdf/common_properties.xacro
-- Symlinking: /home/kartik/li_bot/install/libot_description/share/libot_description//urdf/gripper.xacro
-- Symlinking: /home/kartik/li_bot/install/libot_description/share/libot_description//urdf/gripper_gazebo.xacro
-- Symlinking: /home/kartik/li_bot/install/libot_description/share/libot_description//urdf/libot.urdf.xacro
-- Symlinking: /home/kartik/li_bot/install/libot_description/share/libot_description//urdf/libot_base.xacro
-- Symlinking: /home/kartik/li_bot/install/libot_description/share/libot_description//urdf/libot_base_gazebo.xacro
-- Symlinking: /home/kartik/li_bot/install/libot_description/share/libot_description//urdf/standalone_arm.urdf.xacro
-- Symlinking: /home/kartik/li_bot/install/libot_description/share/libot_description//launch/display.launch.xml
-- Symlinking: /home/kartik/li_bot/install/libot_description/share/libot_description//rviz/urdf_config.rviz
-- Symlinking: /home/kartik/li_bot/install/libot_description/share/ament_index/resource_index/package_run_dependencies/libot_description
-- Symlinking: /home/kartik/li_bot/install/libot_description/share/ament_index/resource_index/parent_prefix_path/libot_description
-- Symlinking: /home/kartik/li_bot/install/libot_description/share/libot_description/environment/ament_prefix_path.sh
-- Symlinking: /home/kartik/li_bot/install/libot_description/share/libot_description/environment/ament_prefix_path.dsv
-- Symlinking: /home/kartik/li_bot/install/libot_description/share/libot_description/environment/path.sh
-- Symlinking: /home/kartik/li_bot/install/libot_description/share/libot_description/environment/path.dsv
-- Symlinking: /home/kartik/li_bot/install/libot_description/share/libot_description/local_setup.bash
-- Symlinking: /home/kartik/li_bot/install/libot_description/share/libot_description/local_setup.sh
-- Symlinking: /home/kartik/li_bot/install/libot_description/share/libot_description/local_setup.zsh
-- Symlinking: /home/kartik/li_bot/install/libot_description/share/libot_description/local_setup.dsv
-- Symlinking: /home/kartik/li_bot/install/libot_description/share/libot_description/package.dsv
-- Symlinking: /home/kartik/li_bot/install/libot_description/share/ament_index/resource_index/packages/libot_description
-- Symlinking: /home/kartik/li_bot/install/libot_description/share/libot_description/cmake/libot_descriptionConfig.cmake
-- Symlinking: /home/kartik/li_bot/install/libot_description/share/libot_description/cmake/libot_descriptionConfig-version.cmake
-- Symlinking: /home/kartik/li_bot/install/libot_description/share/libot_description/package.xml
