running develop
Removing /home/kartik/li_bot/install/li_bot_bringup/lib/python3.12/site-packages/li-bot-bringup.egg-link (link to .)
running egg_info
writing ../../build/li_bot_bringup/li_bot_bringup.egg-info/PKG-INFO
writing dependency_links to ../../build/li_bot_bringup/li_bot_bringup.egg-info/dependency_links.txt
writing requirements to ../../build/li_bot_bringup/li_bot_bringup.egg-info/requires.txt
writing top-level names to ../../build/li_bot_bringup/li_bot_bringup.egg-info/top_level.txt
reading manifest file '../../build/li_bot_bringup/li_bot_bringup.egg-info/SOURCES.txt'
writing manifest file '../../build/li_bot_bringup/li_bot_bringup.egg-info/SOURCES.txt'
running build
running build_py
creating /home/kartik/li_bot/build/li_bot_bringup/build
creating /home/kartik/li_bot/build/li_bot_bringup/build/lib
creating /home/kartik/li_bot/build/li_bot_bringup/build/lib/li_bot_bringup
copying li_bot_bringup/__init__.py -> /home/kartik/li_bot/build/li_bot_bringup/build/lib/li_bot_bringup
running install
running install_lib
creating /home/kartik/li_bot/install/li_bot_bringup/lib/python3.12/site-packages/li_bot_bringup
copying /home/kartik/li_bot/build/li_bot_bringup/build/lib/li_bot_bringup/__init__.py -> /home/kartik/li_bot/install/li_bot_bringup/lib/python3.12/site-packages/li_bot_bringup
byte-compiling /home/kartik/li_bot/install/li_bot_bringup/lib/python3.12/site-packages/li_bot_bringup/__init__.py to __init__.cpython-312.pyc
running install_data
copying resource/li_bot_bringup -> /home/kartik/li_bot/install/li_bot_bringup/share/ament_index/resource_index/packages
copying package.xml -> /home/kartik/li_bot/install/li_bot_bringup/share/li_bot_bringup
copying launch/bringup_sensors.launch.py -> /home/kartik/li_bot/install/li_bot_bringup/share/li_bot_bringup/launch
copying launch/slam_async.launch.py -> /home/kartik/li_bot/install/li_bot_bringup/share/li_bot_bringup/launch
copying launch/bringup_state_estimation.launch.py -> /home/kartik/li_bot/install/li_bot_bringup/share/li_bot_bringup/launch
copying launch/bringup_full.launch.py -> /home/kartik/li_bot/install/li_bot_bringup/share/li_bot_bringup/launch
copying launch/static_tfs.launch.py -> /home/kartik/li_bot/install/li_bot_bringup/share/li_bot_bringup/launch
copying config/slam_config.yaml -> /home/kartik/li_bot/install/li_bot_bringup/share/li_bot_bringup/config
copying config/ekf_imu.yaml -> /home/kartik/li_bot/install/li_bot_bringup/share/li_bot_bringup/config
copying rviz/bringup.rviz -> /home/kartik/li_bot/install/li_bot_bringup/share/li_bot_bringup/rviz
running install_egg_info
Copying ../../build/li_bot_bringup/li_bot_bringup.egg-info to /home/kartik/li_bot/install/li_bot_bringup/lib/python3.12/site-packages/li_bot_bringup-0.1.0-py3.12.egg-info
running install_scripts
writing list of installed files to '/home/kartik/li_bot/build/li_bot_bringup/install.log'
