-- Found ament_cmake: 2.5.4 (/opt/ros/jazzy/share/ament_cmake/cmake)
-- Override CMake install command with custom implementation using symlinks instead of copying resources
-- Configuring done (0.2s)
-- Generating done (0.0s)
-- Build files have been written to: /home/kartik/li_bot/build/libot_bringup
-- Install configuration: ""
-- Execute custom install script
-- Symlinking: /home/kartik/li_bot/install/libot_bringup/share/libot_bringup//launch/libot_basic.launch.xml
-- Symlinking: /home/kartik/li_bot/install/libot_bringup/share/libot_bringup//config/gazebo_bridge.yaml
-- Symlinking: /home/kartik/li_bot/install/libot_bringup/share/libot_bringup//world/test_world.sdf
-- Symlinking: /home/kartik/li_bot/install/libot_bringup/share/ament_index/resource_index/package_run_dependencies/libot_bringup
-- Symlinking: /home/kartik/li_bot/install/libot_bringup/share/ament_index/resource_index/parent_prefix_path/libot_bringup
-- Symlinking: /home/kartik/li_bot/install/libot_bringup/share/libot_bringup/environment/ament_prefix_path.sh
-- Symlinking: /home/kartik/li_bot/install/libot_bringup/share/libot_bringup/environment/ament_prefix_path.dsv
-- Symlinking: /home/kartik/li_bot/install/libot_bringup/share/libot_bringup/environment/path.sh
-- Symlinking: /home/kartik/li_bot/install/libot_bringup/share/libot_bringup/environment/path.dsv
-- Symlinking: /home/kartik/li_bot/install/libot_bringup/share/libot_bringup/local_setup.bash
-- Symlinking: /home/kartik/li_bot/install/libot_bringup/share/libot_bringup/local_setup.sh
-- Symlinking: /home/kartik/li_bot/install/libot_bringup/share/libot_bringup/local_setup.zsh
-- Symlinking: /home/kartik/li_bot/install/libot_bringup/share/libot_bringup/local_setup.dsv
-- Symlinking: /home/kartik/li_bot/install/libot_bringup/share/libot_bringup/package.dsv
-- Symlinking: /home/kartik/li_bot/install/libot_bringup/share/ament_index/resource_index/packages/libot_bringup
-- Symlinking: /home/kartik/li_bot/install/libot_bringup/share/libot_bringup/cmake/libot_bringupConfig.cmake
-- Symlinking: /home/kartik/li_bot/install/libot_bringup/share/libot_bringup/cmake/libot_bringupConfig-version.cmake
-- Symlinking: /home/kartik/li_bot/install/libot_bringup/share/libot_bringup/package.xml
