[0.651s] Invoking command in '/home/kartik/li_bot/src/li_bot_bringup': DEBUGINFOD_URLS=https://debuginfod.ubuntu.com PYTHONPATH=/home/kartik/li_bot/build/li_bot_bringup/prefix_override:/usr/lib/python3/dist-packages/colcon_core/task/python/colcon_distutils_commands:/home/kartik/li_bot/install/li_bot_bringup/lib/python3.12/site-packages:${PYTHONPATH} /usr/bin/python3 -W ignore:setup.py install is deprecated -W ignore:easy_install command is deprecated setup.py egg_info --egg-base ../../build/li_bot_bringup build --build-base /home/kartik/li_bot/build/li_bot_bringup/build install --record /home/kartik/li_bot/build/li_bot_bringup/install.log --single-version-externally-managed install_data
[0.841s] running egg_info
[0.856s] writing ../../build/li_bot_bringup/li_bot_bringup.egg-info/PKG-INFO
[0.856s] writing dependency_links to ../../build/li_bot_bringup/li_bot_bringup.egg-info/dependency_links.txt
[0.856s] writing requirements to ../../build/li_bot_bringup/li_bot_bringup.egg-info/requires.txt
[0.857s] writing top-level names to ../../build/li_bot_bringup/li_bot_bringup.egg-info/top_level.txt
[0.885s] reading manifest file '../../build/li_bot_bringup/li_bot_bringup.egg-info/SOURCES.txt'
[0.886s] writing manifest file '../../build/li_bot_bringup/li_bot_bringup.egg-info/SOURCES.txt'
[0.886s] running build
[0.886s] running build_py
[0.886s] running install
[0.890s] running install_lib
[0.905s] running install_data
[0.905s] copying config/slam_config.yaml -> /home/kartik/li_bot/install/li_bot_bringup/share/li_bot_bringup/config
[0.906s] running install_egg_info
[0.922s] removing '/home/kartik/li_bot/install/li_bot_bringup/lib/python3.12/site-packages/li_bot_bringup-0.1.0-py3.12.egg-info' (and everything under it)
[0.922s] Copying ../../build/li_bot_bringup/li_bot_bringup.egg-info to /home/kartik/li_bot/install/li_bot_bringup/lib/python3.12/site-packages/li_bot_bringup-0.1.0-py3.12.egg-info
[0.922s] running install_scripts
[1.048s] writing list of installed files to '/home/kartik/li_bot/build/li_bot_bringup/install.log'
[1.069s] Invoked command in '/home/kartik/li_bot/src/li_bot_bringup' returned '0': DEBUGINFOD_URLS=https://debuginfod.ubuntu.com PYTHONPATH=/home/kartik/li_bot/build/li_bot_bringup/prefix_override:/usr/lib/python3/dist-packages/colcon_core/task/python/colcon_distutils_commands:/home/kartik/li_bot/install/li_bot_bringup/lib/python3.12/site-packages:${PYTHONPATH} /usr/bin/python3 -W ignore:setup.py install is deprecated -W ignore:easy_install command is deprecated setup.py egg_info --egg-base ../../build/li_bot_bringup build --build-base /home/kartik/li_bot/build/li_bot_bringup/build install --record /home/kartik/li_bot/build/li_bot_bringup/install.log --single-version-externally-managed install_data
