[0.641s] Invoking command in '/home/kartik/li_bot/build/li_bot_bringup': DEBUGINFOD_URLS=https://debuginfod.ubuntu.com PYTHONPATH=/home/kartik/li_bot/build/li_bot_bringup/prefix_override:/usr/lib/python3/dist-packages/colcon_core/task/python/colcon_distutils_commands:/home/kartik/li_bot/install/li_bot_bringup/lib/python3.12/site-packages:${PYTHONPATH} /usr/bin/python3 -W ignore:setup.py install is deprecated -W ignore:easy_install command is deprecated setup.py develop --uninstall --editable --build-directory /home/kartik/li_bot/build/li_bot_bringup/build
[0.863s] running develop
[1.014s] Removing /home/kartik/li_bot/install/li_bot_bringup/lib/python3.12/site-packages/li-bot-bringup.egg-link (link to .)
[1.038s] Invoked command in '/home/kartik/li_bot/build/li_bot_bringup' returned '0': DEBUGINFOD_URLS=https://debuginfod.ubuntu.com PYTHONPATH=/home/kartik/li_bot/build/li_bot_bringup/prefix_override:/usr/lib/python3/dist-packages/colcon_core/task/python/colcon_distutils_commands:/home/kartik/li_bot/install/li_bot_bringup/lib/python3.12/site-packages:${PYTHONPATH} /usr/bin/python3 -W ignore:setup.py install is deprecated -W ignore:easy_install command is deprecated setup.py develop --uninstall --editable --build-directory /home/kartik/li_bot/build/li_bot_bringup/build
[1.039s] Invoking command in '/home/kartik/li_bot/src/li_bot_bringup': DEBUGINFOD_URLS=https://debuginfod.ubuntu.com PYTHONPATH=/home/kartik/li_bot/build/li_bot_bringup/prefix_override:/usr/lib/python3/dist-packages/colcon_core/task/python/colcon_distutils_commands:/home/kartik/li_bot/install/li_bot_bringup/lib/python3.12/site-packages:${PYTHONPATH} /usr/bin/python3 -W ignore:setup.py install is deprecated -W ignore:easy_install command is deprecated setup.py egg_info --egg-base ../../build/li_bot_bringup build --build-base /home/kartik/li_bot/build/li_bot_bringup/build install --record /home/kartik/li_bot/build/li_bot_bringup/install.log --single-version-externally-managed install_data --force
[1.227s] running egg_info
[1.242s] writing ../../build/li_bot_bringup/li_bot_bringup.egg-info/PKG-INFO
[1.242s] writing dependency_links to ../../build/li_bot_bringup/li_bot_bringup.egg-info/dependency_links.txt
[1.242s] writing requirements to ../../build/li_bot_bringup/li_bot_bringup.egg-info/requires.txt
[1.242s] writing top-level names to ../../build/li_bot_bringup/li_bot_bringup.egg-info/top_level.txt
[1.271s] reading manifest file '../../build/li_bot_bringup/li_bot_bringup.egg-info/SOURCES.txt'
[1.271s] writing manifest file '../../build/li_bot_bringup/li_bot_bringup.egg-info/SOURCES.txt'
[1.271s] running build
[1.271s] running build_py
[1.271s] running install
[1.275s] running install_lib
[1.290s] creating /home/kartik/li_bot/install/li_bot_bringup/lib/python3.12/site-packages/li_bot_bringup
[1.290s] copying /home/kartik/li_bot/build/li_bot_bringup/build/lib/li_bot_bringup/__init__.py -> /home/kartik/li_bot/install/li_bot_bringup/lib/python3.12/site-packages/li_bot_bringup
[1.290s] byte-compiling /home/kartik/li_bot/install/li_bot_bringup/lib/python3.12/site-packages/li_bot_bringup/__init__.py to __init__.cpython-312.pyc
[1.290s] running install_data
[1.290s] copying resource/li_bot_bringup -> /home/kartik/li_bot/install/li_bot_bringup/share/ament_index/resource_index/packages
[1.290s] copying package.xml -> /home/kartik/li_bot/install/li_bot_bringup/share/li_bot_bringup
[1.290s] copying launch/bringup_sensors.launch.py -> /home/kartik/li_bot/install/li_bot_bringup/share/li_bot_bringup/launch
[1.291s] copying launch/slam_async.launch.py -> /home/kartik/li_bot/install/li_bot_bringup/share/li_bot_bringup/launch
[1.291s] copying launch/bringup_state_estimation.launch.py -> /home/kartik/li_bot/install/li_bot_bringup/share/li_bot_bringup/launch
[1.292s] copying launch/bringup_full.launch.py -> /home/kartik/li_bot/install/li_bot_bringup/share/li_bot_bringup/launch
[1.292s] copying launch/static_tfs.launch.py -> /home/kartik/li_bot/install/li_bot_bringup/share/li_bot_bringup/launch
[1.292s] copying config/slam_config.yaml -> /home/kartik/li_bot/install/li_bot_bringup/share/li_bot_bringup/config
[1.292s] copying config/ekf_imu.yaml -> /home/kartik/li_bot/install/li_bot_bringup/share/li_bot_bringup/config
[1.292s] copying rviz/bringup.rviz -> /home/kartik/li_bot/install/li_bot_bringup/share/li_bot_bringup/rviz
[1.292s] running install_egg_info
[1.307s] Copying ../../build/li_bot_bringup/li_bot_bringup.egg-info to /home/kartik/li_bot/install/li_bot_bringup/lib/python3.12/site-packages/li_bot_bringup-0.1.0-py3.12.egg-info
[1.308s] running install_scripts
[1.415s] writing list of installed files to '/home/kartik/li_bot/build/li_bot_bringup/install.log'
[1.440s] Invoked command in '/home/kartik/li_bot/src/li_bot_bringup' returned '0': DEBUGINFOD_URLS=https://debuginfod.ubuntu.com PYTHONPATH=/home/kartik/li_bot/build/li_bot_bringup/prefix_override:/usr/lib/python3/dist-packages/colcon_core/task/python/colcon_distutils_commands:/home/kartik/li_bot/install/li_bot_bringup/lib/python3.12/site-packages:${PYTHONPATH} /usr/bin/python3 -W ignore:setup.py install is deprecated -W ignore:easy_install command is deprecated setup.py egg_info --egg-base ../../build/li_bot_bringup build --build-base /home/kartik/li_bot/build/li_bot_bringup/build install --record /home/kartik/li_bot/build/li_bot_bringup/install.log --single-version-externally-managed install_data --force
