[0.106s] DEBUG:colcon:Command line arguments: ['/usr/bin/colcon', 'build', '--symlink-install']
[0.106s] DEBUG:colcon:Parsed command line arguments: Namespace(log_base=None, log_level=None, verb_name='build', build_base='build', install_base='install', merge_install=False, symlink_install=True, test_result_base=None, continue_on_error=False, executor='parallel', parallel_workers=16, event_handlers=None, ignore_user_meta=False, metas=['./colcon.meta'], base_paths=['.'], packages_ignore=None, packages_ignore_regex=None, paths=None, packages_up_to=None, packages_up_to_regex=None, packages_above=None, packages_above_and_dependencies=None, packages_above_depth=None, packages_select_by_dep=None, packages_skip_by_dep=None, packages_skip_up_to=None, packages_select_build_failed=False, packages_skip_build_finished=False, packages_select_test_failures=False, packages_skip_test_passed=False, packages_select=None, packages_skip=None, packages_select_regex=None, packages_skip_regex=None, packages_start=None, packages_end=None, allow_overriding=[], cmake_args=None, cmake_target=None, cmake_target_skip_unavailable=False, cmake_clean_cache=False, cmake_clean_first=False, cmake_force_configure=False, ament_cmake_args=None, catkin_cmake_args=None, catkin_skip_building_tests=False, verb_parser=<colcon_defaults.argument_parser.defaults.DefaultArgumentsDecorator object at 0x72ce452f0560>, verb_extension=<colcon_core.verb.build.BuildVerb object at 0x72ce452f02f0>, main=<bound method BuildVerb.main of <colcon_core.verb.build.BuildVerb object at 0x72ce452f02f0>>)
[0.143s] Level 1:colcon.colcon_core.package_discovery:discover_packages(colcon_meta) check parameters
[0.143s] Level 1:colcon.colcon_core.package_discovery:discover_packages(recursive) check parameters
[0.143s] Level 1:colcon.colcon_core.package_discovery:discover_packages(ignore) check parameters
[0.143s] Level 1:colcon.colcon_core.package_discovery:discover_packages(path) check parameters
[0.143s] Level 1:colcon.colcon_core.package_discovery:discover_packages(colcon_meta) discover
[0.143s] Level 1:colcon.colcon_core.package_discovery:discover_packages(recursive) discover
[0.143s] INFO:colcon.colcon_core.package_discovery:Crawling recursively for packages in '/home/kartik/li_bot'
[0.143s] Level 1:colcon.colcon_core.package_identification:_identify(.) by extensions ['ignore', 'ignore_ament_install']
[0.143s] Level 1:colcon.colcon_core.package_identification:_identify(.) by extension 'ignore'
[0.143s] Level 1:colcon.colcon_core.package_identification:_identify(.) by extension 'ignore_ament_install'
[0.143s] Level 1:colcon.colcon_core.package_identification:_identify(.) by extensions ['colcon_pkg']
[0.143s] Level 1:colcon.colcon_core.package_identification:_identify(.) by extension 'colcon_pkg'
[0.143s] Level 1:colcon.colcon_core.package_identification:_identify(.) by extensions ['colcon_meta']
[0.143s] Level 1:colcon.colcon_core.package_identification:_identify(.) by extension 'colcon_meta'
[0.143s] Level 1:colcon.colcon_core.package_identification:_identify(.) by extensions ['ros']
[0.143s] Level 1:colcon.colcon_core.package_identification:_identify(.) by extension 'ros'
[0.166s] Level 1:colcon.colcon_core.package_identification:_identify(.) by extensions ['cmake', 'python']
[0.166s] Level 1:colcon.colcon_core.package_identification:_identify(.) by extension 'cmake'
[0.166s] Level 1:colcon.colcon_core.package_identification:_identify(.) by extension 'python'
[0.166s] Level 1:colcon.colcon_core.package_identification:_identify(.) by extensions ['python_setup_py']
[0.166s] Level 1:colcon.colcon_core.package_identification:_identify(.) by extension 'python_setup_py'
[0.166s] Level 1:colcon.colcon_core.package_identification:_identify(build) by extensions ['ignore', 'ignore_ament_install']
[0.167s] Level 1:colcon.colcon_core.package_identification:_identify(build) by extension 'ignore'
[0.167s] Level 1:colcon.colcon_core.package_identification:_identify(build) ignored
[0.167s] Level 1:colcon.colcon_core.package_identification:_identify(install) by extensions ['ignore', 'ignore_ament_install']
[0.167s] Level 1:colcon.colcon_core.package_identification:_identify(install) by extension 'ignore'
[0.167s] Level 1:colcon.colcon_core.package_identification:_identify(install) ignored
[0.167s] Level 1:colcon.colcon_core.package_identification:_identify(log) by extensions ['ignore', 'ignore_ament_install']
[0.167s] Level 1:colcon.colcon_core.package_identification:_identify(log) by extension 'ignore'
[0.167s] Level 1:colcon.colcon_core.package_identification:_identify(log) ignored
[0.167s] Level 1:colcon.colcon_core.package_identification:_identify(src) by extensions ['ignore', 'ignore_ament_install']
[0.167s] Level 1:colcon.colcon_core.package_identification:_identify(src) by extension 'ignore'
[0.167s] Level 1:colcon.colcon_core.package_identification:_identify(src) by extension 'ignore_ament_install'
[0.167s] Level 1:colcon.colcon_core.package_identification:_identify(src) by extensions ['colcon_pkg']
[0.167s] Level 1:colcon.colcon_core.package_identification:_identify(src) by extension 'colcon_pkg'
[0.167s] Level 1:colcon.colcon_core.package_identification:_identify(src) by extensions ['colcon_meta']
[0.167s] Level 1:colcon.colcon_core.package_identification:_identify(src) by extension 'colcon_meta'
[0.167s] Level 1:colcon.colcon_core.package_identification:_identify(src) by extensions ['ros']
[0.167s] Level 1:colcon.colcon_core.package_identification:_identify(src) by extension 'ros'
[0.167s] Level 1:colcon.colcon_core.package_identification:_identify(src) by extensions ['cmake', 'python']
[0.167s] Level 1:colcon.colcon_core.package_identification:_identify(src) by extension 'cmake'
[0.167s] Level 1:colcon.colcon_core.package_identification:_identify(src) by extension 'python'
[0.167s] Level 1:colcon.colcon_core.package_identification:_identify(src) by extensions ['python_setup_py']
[0.167s] Level 1:colcon.colcon_core.package_identification:_identify(src) by extension 'python_setup_py'
[0.167s] Level 1:colcon.colcon_core.package_identification:_identify(src/li_bot_bringup) by extensions ['ignore', 'ignore_ament_install']
[0.168s] Level 1:colcon.colcon_core.package_identification:_identify(src/li_bot_bringup) by extension 'ignore'
[0.168s] Level 1:colcon.colcon_core.package_identification:_identify(src/li_bot_bringup) by extension 'ignore_ament_install'
[0.168s] Level 1:colcon.colcon_core.package_identification:_identify(src/li_bot_bringup) by extensions ['colcon_pkg']
[0.168s] Level 1:colcon.colcon_core.package_identification:_identify(src/li_bot_bringup) by extension 'colcon_pkg'
[0.168s] Level 1:colcon.colcon_core.package_identification:_identify(src/li_bot_bringup) by extensions ['colcon_meta']
[0.168s] Level 1:colcon.colcon_core.package_identification:_identify(src/li_bot_bringup) by extension 'colcon_meta'
[0.168s] Level 1:colcon.colcon_core.package_identification:_identify(src/li_bot_bringup) by extensions ['ros']
[0.168s] Level 1:colcon.colcon_core.package_identification:_identify(src/li_bot_bringup) by extension 'ros'
[0.170s] DEBUG:colcon.colcon_core.package_identification:Package 'src/li_bot_bringup' with type 'ros.ament_python' and name 'li_bot_bringup'
[0.170s] Level 1:colcon.colcon_core.package_identification:_identify(src/libot) by extensions ['ignore', 'ignore_ament_install']
[0.170s] Level 1:colcon.colcon_core.package_identification:_identify(src/libot) by extension 'ignore'
[0.170s] Level 1:colcon.colcon_core.package_identification:_identify(src/libot) by extension 'ignore_ament_install'
[0.170s] Level 1:colcon.colcon_core.package_identification:_identify(src/libot) by extensions ['colcon_pkg']
[0.170s] Level 1:colcon.colcon_core.package_identification:_identify(src/libot) by extension 'colcon_pkg'
[0.170s] Level 1:colcon.colcon_core.package_identification:_identify(src/libot) by extensions ['colcon_meta']
[0.170s] Level 1:colcon.colcon_core.package_identification:_identify(src/libot) by extension 'colcon_meta'
[0.170s] Level 1:colcon.colcon_core.package_identification:_identify(src/libot) by extensions ['ros']
[0.170s] Level 1:colcon.colcon_core.package_identification:_identify(src/libot) by extension 'ros'
[0.170s] Level 1:colcon.colcon_core.package_identification:_identify(src/libot) by extensions ['cmake', 'python']
[0.170s] Level 1:colcon.colcon_core.package_identification:_identify(src/libot) by extension 'cmake'
[0.170s] Level 1:colcon.colcon_core.package_identification:_identify(src/libot) by extension 'python'
[0.170s] Level 1:colcon.colcon_core.package_identification:_identify(src/libot) by extensions ['python_setup_py']
[0.170s] Level 1:colcon.colcon_core.package_identification:_identify(src/libot) by extension 'python_setup_py'
[0.171s] Level 1:colcon.colcon_core.package_identification:_identify(src/libot/doc) by extensions ['ignore', 'ignore_ament_install']
[0.171s] Level 1:colcon.colcon_core.package_identification:_identify(src/libot/doc) by extension 'ignore'
[0.171s] Level 1:colcon.colcon_core.package_identification:_identify(src/libot/doc) by extension 'ignore_ament_install'
[0.171s] Level 1:colcon.colcon_core.package_identification:_identify(src/libot/doc) by extensions ['colcon_pkg']
[0.171s] Level 1:colcon.colcon_core.package_identification:_identify(src/libot/doc) by extension 'colcon_pkg'
[0.171s] Level 1:colcon.colcon_core.package_identification:_identify(src/libot/doc) by extensions ['colcon_meta']
[0.171s] Level 1:colcon.colcon_core.package_identification:_identify(src/libot/doc) by extension 'colcon_meta'
[0.171s] Level 1:colcon.colcon_core.package_identification:_identify(src/libot/doc) by extensions ['ros']
[0.171s] Level 1:colcon.colcon_core.package_identification:_identify(src/libot/doc) by extension 'ros'
[0.171s] Level 1:colcon.colcon_core.package_identification:_identify(src/libot/doc) by extensions ['cmake', 'python']
[0.171s] Level 1:colcon.colcon_core.package_identification:_identify(src/libot/doc) by extension 'cmake'
[0.171s] Level 1:colcon.colcon_core.package_identification:_identify(src/libot/doc) by extension 'python'
[0.171s] Level 1:colcon.colcon_core.package_identification:_identify(src/libot/doc) by extensions ['python_setup_py']
[0.171s] Level 1:colcon.colcon_core.package_identification:_identify(src/libot/doc) by extension 'python_setup_py'
[0.171s] Level 1:colcon.colcon_core.package_identification:_identify(src/libot/libot_bringup) by extensions ['ignore', 'ignore_ament_install']
[0.171s] Level 1:colcon.colcon_core.package_identification:_identify(src/libot/libot_bringup) by extension 'ignore'
[0.171s] Level 1:colcon.colcon_core.package_identification:_identify(src/libot/libot_bringup) by extension 'ignore_ament_install'
[0.171s] Level 1:colcon.colcon_core.package_identification:_identify(src/libot/libot_bringup) by extensions ['colcon_pkg']
[0.171s] Level 1:colcon.colcon_core.package_identification:_identify(src/libot/libot_bringup) by extension 'colcon_pkg'
[0.171s] Level 1:colcon.colcon_core.package_identification:_identify(src/libot/libot_bringup) by extensions ['colcon_meta']
[0.171s] Level 1:colcon.colcon_core.package_identification:_identify(src/libot/libot_bringup) by extension 'colcon_meta'
[0.171s] Level 1:colcon.colcon_core.package_identification:_identify(src/libot/libot_bringup) by extensions ['ros']
[0.171s] Level 1:colcon.colcon_core.package_identification:_identify(src/libot/libot_bringup) by extension 'ros'
[0.172s] DEBUG:colcon.colcon_core.package_identification:Package 'src/libot/libot_bringup' with type 'ros.ament_cmake' and name 'libot_bringup'
[0.172s] Level 1:colcon.colcon_core.package_identification:_identify(src/libot/libot_description) by extensions ['ignore', 'ignore_ament_install']
[0.172s] Level 1:colcon.colcon_core.package_identification:_identify(src/libot/libot_description) by extension 'ignore'
[0.172s] Level 1:colcon.colcon_core.package_identification:_identify(src/libot/libot_description) by extension 'ignore_ament_install'
[0.172s] Level 1:colcon.colcon_core.package_identification:_identify(src/libot/libot_description) by extensions ['colcon_pkg']
[0.172s] Level 1:colcon.colcon_core.package_identification:_identify(src/libot/libot_description) by extension 'colcon_pkg'
[0.172s] Level 1:colcon.colcon_core.package_identification:_identify(src/libot/libot_description) by extensions ['colcon_meta']
[0.172s] Level 1:colcon.colcon_core.package_identification:_identify(src/libot/libot_description) by extension 'colcon_meta'
[0.172s] Level 1:colcon.colcon_core.package_identification:_identify(src/libot/libot_description) by extensions ['ros']
[0.172s] Level 1:colcon.colcon_core.package_identification:_identify(src/libot/libot_description) by extension 'ros'
[0.172s] DEBUG:colcon.colcon_core.package_identification:Package 'src/libot/libot_description' with type 'ros.ament_cmake' and name 'libot_description'
[0.172s] Level 1:colcon.colcon_core.package_discovery:discover_packages(recursive) using defaults
[0.172s] Level 1:colcon.colcon_core.package_discovery:discover_packages(ignore) discover
[0.172s] Level 1:colcon.colcon_core.package_discovery:discover_packages(ignore) using defaults
[0.172s] Level 1:colcon.colcon_core.package_discovery:discover_packages(path) discover
[0.172s] Level 1:colcon.colcon_core.package_discovery:discover_packages(path) using defaults
[0.188s] Level 1:colcon.colcon_core.package_discovery:discover_packages(prefix_path) check parameters
[0.188s] Level 1:colcon.colcon_core.package_discovery:discover_packages(prefix_path) discover
[0.190s] DEBUG:colcon.colcon_installed_package_information.package_discovery:Found 3 installed packages in /home/kartik/li_bot/install
[0.191s] DEBUG:colcon.colcon_installed_package_information.package_discovery:Found 4 installed packages in /home/kartik/RL_uav_ws/install
[0.191s] DEBUG:colcon.colcon_installed_package_information.package_discovery:Found 20 installed packages in /home/kartik/hamr_ws/install
[0.194s] DEBUG:colcon.colcon_installed_package_information.package_discovery:Found 558 installed packages in /opt/ros/jazzy
[0.196s] Level 1:colcon.colcon_core.package_discovery:discover_packages(prefix_path) using defaults
[0.263s] Level 5:colcon.colcon_core.verb:set package 'li_bot_bringup' build argument 'cmake_args' from command line to 'None'
[0.263s] Level 5:colcon.colcon_core.verb:set package 'li_bot_bringup' build argument 'cmake_target' from command line to 'None'
[0.263s] Level 5:colcon.colcon_core.verb:set package 'li_bot_bringup' build argument 'cmake_target_skip_unavailable' from command line to 'False'
[0.263s] Level 5:colcon.colcon_core.verb:set package 'li_bot_bringup' build argument 'cmake_clean_cache' from command line to 'False'
[0.263s] Level 5:colcon.colcon_core.verb:set package 'li_bot_bringup' build argument 'cmake_clean_first' from command line to 'False'
[0.263s] Level 5:colcon.colcon_core.verb:set package 'li_bot_bringup' build argument 'cmake_force_configure' from command line to 'False'
[0.263s] Level 5:colcon.colcon_core.verb:set package 'li_bot_bringup' build argument 'ament_cmake_args' from command line to 'None'
[0.263s] Level 5:colcon.colcon_core.verb:set package 'li_bot_bringup' build argument 'catkin_cmake_args' from command line to 'None'
[0.263s] Level 5:colcon.colcon_core.verb:set package 'li_bot_bringup' build argument 'catkin_skip_building_tests' from command line to 'False'
[0.263s] DEBUG:colcon.colcon_core.verb:Building package 'li_bot_bringup' with the following arguments: {'ament_cmake_args': None, 'build_base': '/home/kartik/li_bot/build/li_bot_bringup', 'catkin_cmake_args': None, 'catkin_skip_building_tests': False, 'cmake_args': None, 'cmake_clean_cache': False, 'cmake_clean_first': False, 'cmake_force_configure': False, 'cmake_target': None, 'cmake_target_skip_unavailable': False, 'install_base': '/home/kartik/li_bot/install/li_bot_bringup', 'merge_install': False, 'path': '/home/kartik/li_bot/src/li_bot_bringup', 'symlink_install': True, 'test_result_base': None}
[0.263s] Level 5:colcon.colcon_core.verb:set package 'libot_bringup' build argument 'cmake_args' from command line to 'None'
[0.263s] Level 5:colcon.colcon_core.verb:set package 'libot_bringup' build argument 'cmake_target' from command line to 'None'
[0.263s] Level 5:colcon.colcon_core.verb:set package 'libot_bringup' build argument 'cmake_target_skip_unavailable' from command line to 'False'
[0.263s] Level 5:colcon.colcon_core.verb:set package 'libot_bringup' build argument 'cmake_clean_cache' from command line to 'False'
[0.263s] Level 5:colcon.colcon_core.verb:set package 'libot_bringup' build argument 'cmake_clean_first' from command line to 'False'
[0.263s] Level 5:colcon.colcon_core.verb:set package 'libot_bringup' build argument 'cmake_force_configure' from command line to 'False'
[0.263s] Level 5:colcon.colcon_core.verb:set package 'libot_bringup' build argument 'ament_cmake_args' from command line to 'None'
[0.263s] Level 5:colcon.colcon_core.verb:set package 'libot_bringup' build argument 'catkin_cmake_args' from command line to 'None'
[0.264s] Level 5:colcon.colcon_core.verb:set package 'libot_bringup' build argument 'catkin_skip_building_tests' from command line to 'False'
[0.264s] DEBUG:colcon.colcon_core.verb:Building package 'libot_bringup' with the following arguments: {'ament_cmake_args': None, 'build_base': '/home/kartik/li_bot/build/libot_bringup', 'catkin_cmake_args': None, 'catkin_skip_building_tests': False, 'cmake_args': None, 'cmake_clean_cache': False, 'cmake_clean_first': False, 'cmake_force_configure': False, 'cmake_target': None, 'cmake_target_skip_unavailable': False, 'install_base': '/home/kartik/li_bot/install/libot_bringup', 'merge_install': False, 'path': '/home/kartik/li_bot/src/libot/libot_bringup', 'symlink_install': True, 'test_result_base': None}
[0.264s] Level 5:colcon.colcon_core.verb:set package 'libot_description' build argument 'cmake_args' from command line to 'None'
[0.264s] Level 5:colcon.colcon_core.verb:set package 'libot_description' build argument 'cmake_target' from command line to 'None'
[0.264s] Level 5:colcon.colcon_core.verb:set package 'libot_description' build argument 'cmake_target_skip_unavailable' from command line to 'False'
[0.264s] Level 5:colcon.colcon_core.verb:set package 'libot_description' build argument 'cmake_clean_cache' from command line to 'False'
[0.264s] Level 5:colcon.colcon_core.verb:set package 'libot_description' build argument 'cmake_clean_first' from command line to 'False'
[0.264s] Level 5:colcon.colcon_core.verb:set package 'libot_description' build argument 'cmake_force_configure' from command line to 'False'
[0.264s] Level 5:colcon.colcon_core.verb:set package 'libot_description' build argument 'ament_cmake_args' from command line to 'None'
[0.264s] Level 5:colcon.colcon_core.verb:set package 'libot_description' build argument 'catkin_cmake_args' from command line to 'None'
[0.264s] Level 5:colcon.colcon_core.verb:set package 'libot_description' build argument 'catkin_skip_building_tests' from command line to 'False'
[0.264s] DEBUG:colcon.colcon_core.verb:Building package 'libot_description' with the following arguments: {'ament_cmake_args': None, 'build_base': '/home/kartik/li_bot/build/libot_description', 'catkin_cmake_args': None, 'catkin_skip_building_tests': False, 'cmake_args': None, 'cmake_clean_cache': False, 'cmake_clean_first': False, 'cmake_force_configure': False, 'cmake_target': None, 'cmake_target_skip_unavailable': False, 'install_base': '/home/kartik/li_bot/install/libot_description', 'merge_install': False, 'path': '/home/kartik/li_bot/src/libot/libot_description', 'symlink_install': True, 'test_result_base': None}
[0.264s] INFO:colcon.colcon_core.executor:Executing jobs using 'parallel' executor
[0.265s] DEBUG:colcon.colcon_parallel_executor.executor.parallel:run_until_complete
[0.265s] INFO:colcon.colcon_ros.task.ament_python.build:Building ROS package in '/home/kartik/li_bot/src/li_bot_bringup' with build type 'ament_python'
[0.265s] Level 1:colcon.colcon_core.shell:create_environment_hook('li_bot_bringup', 'ament_prefix_path')
[0.267s] INFO:colcon.colcon_core.plugin_system:Skipping extension 'colcon_core.shell.bat': Not used on non-Windows systems
[0.267s] INFO:colcon.colcon_core.shell:Creating environment hook '/home/kartik/li_bot/install/li_bot_bringup/share/li_bot_bringup/hook/ament_prefix_path.ps1'
[0.268s] INFO:colcon.colcon_core.shell:Creating environment descriptor '/home/kartik/li_bot/install/li_bot_bringup/share/li_bot_bringup/hook/ament_prefix_path.dsv'
[0.268s] INFO:colcon.colcon_core.shell:Creating environment hook '/home/kartik/li_bot/install/li_bot_bringup/share/li_bot_bringup/hook/ament_prefix_path.sh'
[0.269s] INFO:colcon.colcon_core.shell:Skip shell extension 'powershell' for command environment: Not usable outside of PowerShell
[0.269s] DEBUG:colcon.colcon_core.shell:Skip shell extension 'dsv' for command environment
[0.276s] INFO:colcon.colcon_ros.task.ament_cmake.build:Building ROS package in '/home/kartik/li_bot/src/libot/libot_bringup' with build type 'ament_cmake'
[0.276s] INFO:colcon.colcon_cmake.task.cmake.build:Building CMake package in '/home/kartik/li_bot/src/libot/libot_bringup'
[0.277s] INFO:colcon.colcon_core.shell:Skip shell extension 'powershell' for command environment: Not usable outside of PowerShell
[0.277s] DEBUG:colcon.colcon_core.shell:Skip shell extension 'dsv' for command environment
[0.283s] INFO:colcon.colcon_ros.task.ament_cmake.build:Building ROS package in '/home/kartik/li_bot/src/libot/libot_description' with build type 'ament_cmake'
[0.283s] INFO:colcon.colcon_cmake.task.cmake.build:Building CMake package in '/home/kartik/li_bot/src/libot/libot_description'
[0.284s] INFO:colcon.colcon_core.shell:Skip shell extension 'powershell' for command environment: Not usable outside of PowerShell
[0.284s] DEBUG:colcon.colcon_core.shell:Skip shell extension 'dsv' for command environment
[0.509s] INFO:colcon.colcon_core.task.python.build:Building Python package in '/home/kartik/li_bot/src/li_bot_bringup'
[0.509s] INFO:colcon.colcon_core.shell:Skip shell extension 'powershell' for command environment: Not usable outside of PowerShell
[0.509s] DEBUG:colcon.colcon_core.shell:Skip shell extension 'dsv' for command environment
[0.519s] DEBUG:colcon.colcon_core.event_handler.log_command:Invoking command in '/home/kartik/li_bot/build/libot_bringup': CMAKE_PREFIX_PATH=/home/kartik/li_bot/install/libot_description:/home/kartik/li_bot/install/libot_bringup:/home/kartik/hamr_ws/install/hamr_uros_bridge:/home/kartik/hamr_ws/install/hamr_teleop:/home/kartik/hamr_ws/install/hamr_realsense_terrain:/home/kartik/hamr_ws/install/hamr_pcl_generator:/home/kartik/hamr_ws/install/hamr_control_cpp:/home/kartik/hamr_ws/install/hamr_interfaces:/home/kartik/hamr_ws/install/hamr_gimbal_control:/home/kartik/hamr_ws/install/hamr_description:/home/kartik/hamr_ws/install/hamr_bringup:/home/kartik/hamr_ws/install/convex_plane_decomposition_ros:/home/kartik/li_bot/install/li_bot_bringup:/home/kartik/hamr_ws/install/reference_trajectory:/home/kartik/hamr_ws/install/hamr_control:/home/kartik/hamr_ws/install/compa_control_py:/opt/ros/jazzy:/home/kartik/hamr_ws/install/convex_plane_decomposition:/home/kartik/hamr_ws/install/grid_map_filters_rsl:/home/kartik/hamr_ws/install/elevation_mapping_cupy:/home/kartik/hamr_ws/install/elevation_map_msgs:/home/kartik/hamr_ws/install/convex_plane_decomposition_msgs:/home/kartik/hamr_ws/install/compa_description:/home/kartik/hamr_ws/install/cgal5_ament:/home/kartik/RL_uav_ws/install/uav_teleop_node:/home/kartik/RL_uav_ws/install/uav_rl_agent:/home/kartik/RL_uav_ws/install/uav_msp_bridge:/home/kartik/RL_uav_ws/install/uav_control_cpp:/opt/ros/jazzy/opt/gz_sim_vendor:/opt/ros/jazzy/opt/gz_sensors_vendor:/opt/ros/jazzy/opt/gz_physics_vendor:/opt/ros/jazzy/opt/sdformat_vendor:/opt/ros/jazzy/opt/gz_gui_vendor:/opt/ros/jazzy/opt/gz_transport_vendor:/opt/ros/jazzy/opt/gz_rendering_vendor:/opt/ros/jazzy/opt/gz_plugin_vendor:/opt/ros/jazzy/opt/gz_fuel_tools_vendor:/opt/ros/jazzy/opt/gz_msgs_vendor:/opt/ros/jazzy/opt/gz_common_vendor:/opt/ros/jazzy/opt/gz_math_vendor:/opt/ros/jazzy/opt/gz_utils_vendor:/opt/ros/jazzy/opt/gz_tools_vendor:/opt/ros/jazzy/opt/gz_ogre_next_vendor:/opt/ros/jazzy/opt/gz_dartsim_vendor:/opt/ros/jazzy/opt/gz_cmake_vendor DEBUGINFOD_URLS=https://debuginfod.ubuntu.com /usr/bin/cmake --build /home/kartik/li_bot/build/libot_bringup -- -j16 -l16
[0.522s] DEBUG:colcon.colcon_core.event_handler.log_command:Invoking command in '/home/kartik/li_bot/build/libot_description': CMAKE_PREFIX_PATH=/home/kartik/li_bot/install/libot_description:/home/kartik/li_bot/install/libot_bringup:/home/kartik/hamr_ws/install/hamr_uros_bridge:/home/kartik/hamr_ws/install/hamr_teleop:/home/kartik/hamr_ws/install/hamr_realsense_terrain:/home/kartik/hamr_ws/install/hamr_pcl_generator:/home/kartik/hamr_ws/install/hamr_control_cpp:/home/kartik/hamr_ws/install/hamr_interfaces:/home/kartik/hamr_ws/install/hamr_gimbal_control:/home/kartik/hamr_ws/install/hamr_description:/home/kartik/hamr_ws/install/hamr_bringup:/home/kartik/hamr_ws/install/convex_plane_decomposition_ros:/home/kartik/li_bot/install/li_bot_bringup:/home/kartik/hamr_ws/install/reference_trajectory:/home/kartik/hamr_ws/install/hamr_control:/home/kartik/hamr_ws/install/compa_control_py:/opt/ros/jazzy:/home/kartik/hamr_ws/install/convex_plane_decomposition:/home/kartik/hamr_ws/install/grid_map_filters_rsl:/home/kartik/hamr_ws/install/elevation_mapping_cupy:/home/kartik/hamr_ws/install/elevation_map_msgs:/home/kartik/hamr_ws/install/convex_plane_decomposition_msgs:/home/kartik/hamr_ws/install/compa_description:/home/kartik/hamr_ws/install/cgal5_ament:/home/kartik/RL_uav_ws/install/uav_teleop_node:/home/kartik/RL_uav_ws/install/uav_rl_agent:/home/kartik/RL_uav_ws/install/uav_msp_bridge:/home/kartik/RL_uav_ws/install/uav_control_cpp:/opt/ros/jazzy/opt/gz_sim_vendor:/opt/ros/jazzy/opt/gz_sensors_vendor:/opt/ros/jazzy/opt/gz_physics_vendor:/opt/ros/jazzy/opt/sdformat_vendor:/opt/ros/jazzy/opt/gz_gui_vendor:/opt/ros/jazzy/opt/gz_transport_vendor:/opt/ros/jazzy/opt/gz_rendering_vendor:/opt/ros/jazzy/opt/gz_plugin_vendor:/opt/ros/jazzy/opt/gz_fuel_tools_vendor:/opt/ros/jazzy/opt/gz_msgs_vendor:/opt/ros/jazzy/opt/gz_common_vendor:/opt/ros/jazzy/opt/gz_math_vendor:/opt/ros/jazzy/opt/gz_utils_vendor:/opt/ros/jazzy/opt/gz_tools_vendor:/opt/ros/jazzy/opt/gz_ogre_next_vendor:/opt/ros/jazzy/opt/gz_dartsim_vendor:/opt/ros/jazzy/opt/gz_cmake_vendor DEBUGINFOD_URLS=https://debuginfod.ubuntu.com /usr/bin/cmake --build /home/kartik/li_bot/build/libot_description -- -j16 -l16
[0.570s] DEBUG:colcon.colcon_core.event_handler.log_command:Invoked command in '/home/kartik/li_bot/build/libot_bringup' returned '0': CMAKE_PREFIX_PATH=/home/kartik/li_bot/install/libot_description:/home/kartik/li_bot/install/libot_bringup:/home/kartik/hamr_ws/install/hamr_uros_bridge:/home/kartik/hamr_ws/install/hamr_teleop:/home/kartik/hamr_ws/install/hamr_realsense_terrain:/home/kartik/hamr_ws/install/hamr_pcl_generator:/home/kartik/hamr_ws/install/hamr_control_cpp:/home/kartik/hamr_ws/install/hamr_interfaces:/home/kartik/hamr_ws/install/hamr_gimbal_control:/home/kartik/hamr_ws/install/hamr_description:/home/kartik/hamr_ws/install/hamr_bringup:/home/kartik/hamr_ws/install/convex_plane_decomposition_ros:/home/kartik/li_bot/install/li_bot_bringup:/home/kartik/hamr_ws/install/reference_trajectory:/home/kartik/hamr_ws/install/hamr_control:/home/kartik/hamr_ws/install/compa_control_py:/opt/ros/jazzy:/home/kartik/hamr_ws/install/convex_plane_decomposition:/home/kartik/hamr_ws/install/grid_map_filters_rsl:/home/kartik/hamr_ws/install/elevation_mapping_cupy:/home/kartik/hamr_ws/install/elevation_map_msgs:/home/kartik/hamr_ws/install/convex_plane_decomposition_msgs:/home/kartik/hamr_ws/install/compa_description:/home/kartik/hamr_ws/install/cgal5_ament:/home/kartik/RL_uav_ws/install/uav_teleop_node:/home/kartik/RL_uav_ws/install/uav_rl_agent:/home/kartik/RL_uav_ws/install/uav_msp_bridge:/home/kartik/RL_uav_ws/install/uav_control_cpp:/opt/ros/jazzy/opt/gz_sim_vendor:/opt/ros/jazzy/opt/gz_sensors_vendor:/opt/ros/jazzy/opt/gz_physics_vendor:/opt/ros/jazzy/opt/sdformat_vendor:/opt/ros/jazzy/opt/gz_gui_vendor:/opt/ros/jazzy/opt/gz_transport_vendor:/opt/ros/jazzy/opt/gz_rendering_vendor:/opt/ros/jazzy/opt/gz_plugin_vendor:/opt/ros/jazzy/opt/gz_fuel_tools_vendor:/opt/ros/jazzy/opt/gz_msgs_vendor:/opt/ros/jazzy/opt/gz_common_vendor:/opt/ros/jazzy/opt/gz_math_vendor:/opt/ros/jazzy/opt/gz_utils_vendor:/opt/ros/jazzy/opt/gz_tools_vendor:/opt/ros/jazzy/opt/gz_ogre_next_vendor:/opt/ros/jazzy/opt/gz_dartsim_vendor:/opt/ros/jazzy/opt/gz_cmake_vendor DEBUGINFOD_URLS=https://debuginfod.ubuntu.com /usr/bin/cmake --build /home/kartik/li_bot/build/libot_bringup -- -j16 -l16
[0.584s] DEBUG:colcon.colcon_core.event_handler.log_command:Invoking command in '/home/kartik/li_bot/build/libot_bringup': CMAKE_PREFIX_PATH=/home/kartik/li_bot/install/libot_description:/home/kartik/li_bot/install/libot_bringup:/home/kartik/hamr_ws/install/hamr_uros_bridge:/home/kartik/hamr_ws/install/hamr_teleop:/home/kartik/hamr_ws/install/hamr_realsense_terrain:/home/kartik/hamr_ws/install/hamr_pcl_generator:/home/kartik/hamr_ws/install/hamr_control_cpp:/home/kartik/hamr_ws/install/hamr_interfaces:/home/kartik/hamr_ws/install/hamr_gimbal_control:/home/kartik/hamr_ws/install/hamr_description:/home/kartik/hamr_ws/install/hamr_bringup:/home/kartik/hamr_ws/install/convex_plane_decomposition_ros:/home/kartik/li_bot/install/li_bot_bringup:/home/kartik/hamr_ws/install/reference_trajectory:/home/kartik/hamr_ws/install/hamr_control:/home/kartik/hamr_ws/install/compa_control_py:/opt/ros/jazzy:/home/kartik/hamr_ws/install/convex_plane_decomposition:/home/kartik/hamr_ws/install/grid_map_filters_rsl:/home/kartik/hamr_ws/install/elevation_mapping_cupy:/home/kartik/hamr_ws/install/elevation_map_msgs:/home/kartik/hamr_ws/install/convex_plane_decomposition_msgs:/home/kartik/hamr_ws/install/compa_description:/home/kartik/hamr_ws/install/cgal5_ament:/home/kartik/RL_uav_ws/install/uav_teleop_node:/home/kartik/RL_uav_ws/install/uav_rl_agent:/home/kartik/RL_uav_ws/install/uav_msp_bridge:/home/kartik/RL_uav_ws/install/uav_control_cpp:/opt/ros/jazzy/opt/gz_sim_vendor:/opt/ros/jazzy/opt/gz_sensors_vendor:/opt/ros/jazzy/opt/gz_physics_vendor:/opt/ros/jazzy/opt/sdformat_vendor:/opt/ros/jazzy/opt/gz_gui_vendor:/opt/ros/jazzy/opt/gz_transport_vendor:/opt/ros/jazzy/opt/gz_rendering_vendor:/opt/ros/jazzy/opt/gz_plugin_vendor:/opt/ros/jazzy/opt/gz_fuel_tools_vendor:/opt/ros/jazzy/opt/gz_msgs_vendor:/opt/ros/jazzy/opt/gz_common_vendor:/opt/ros/jazzy/opt/gz_math_vendor:/opt/ros/jazzy/opt/gz_utils_vendor:/opt/ros/jazzy/opt/gz_tools_vendor:/opt/ros/jazzy/opt/gz_ogre_next_vendor:/opt/ros/jazzy/opt/gz_dartsim_vendor:/opt/ros/jazzy/opt/gz_cmake_vendor DEBUGINFOD_URLS=https://debuginfod.ubuntu.com /usr/bin/cmake --install /home/kartik/li_bot/build/libot_bringup
[0.585s] DEBUG:colcon.colcon_core.event_handler.log_command:Invoked command in '/home/kartik/li_bot/build/libot_description' returned '0': CMAKE_PREFIX_PATH=/home/kartik/li_bot/install/libot_description:/home/kartik/li_bot/install/libot_bringup:/home/kartik/hamr_ws/install/hamr_uros_bridge:/home/kartik/hamr_ws/install/hamr_teleop:/home/kartik/hamr_ws/install/hamr_realsense_terrain:/home/kartik/hamr_ws/install/hamr_pcl_generator:/home/kartik/hamr_ws/install/hamr_control_cpp:/home/kartik/hamr_ws/install/hamr_interfaces:/home/kartik/hamr_ws/install/hamr_gimbal_control:/home/kartik/hamr_ws/install/hamr_description:/home/kartik/hamr_ws/install/hamr_bringup:/home/kartik/hamr_ws/install/convex_plane_decomposition_ros:/home/kartik/li_bot/install/li_bot_bringup:/home/kartik/hamr_ws/install/reference_trajectory:/home/kartik/hamr_ws/install/hamr_control:/home/kartik/hamr_ws/install/compa_control_py:/opt/ros/jazzy:/home/kartik/hamr_ws/install/convex_plane_decomposition:/home/kartik/hamr_ws/install/grid_map_filters_rsl:/home/kartik/hamr_ws/install/elevation_mapping_cupy:/home/kartik/hamr_ws/install/elevation_map_msgs:/home/kartik/hamr_ws/install/convex_plane_decomposition_msgs:/home/kartik/hamr_ws/install/compa_description:/home/kartik/hamr_ws/install/cgal5_ament:/home/kartik/RL_uav_ws/install/uav_teleop_node:/home/kartik/RL_uav_ws/install/uav_rl_agent:/home/kartik/RL_uav_ws/install/uav_msp_bridge:/home/kartik/RL_uav_ws/install/uav_control_cpp:/opt/ros/jazzy/opt/gz_sim_vendor:/opt/ros/jazzy/opt/gz_sensors_vendor:/opt/ros/jazzy/opt/gz_physics_vendor:/opt/ros/jazzy/opt/sdformat_vendor:/opt/ros/jazzy/opt/gz_gui_vendor:/opt/ros/jazzy/opt/gz_transport_vendor:/opt/ros/jazzy/opt/gz_rendering_vendor:/opt/ros/jazzy/opt/gz_plugin_vendor:/opt/ros/jazzy/opt/gz_fuel_tools_vendor:/opt/ros/jazzy/opt/gz_msgs_vendor:/opt/ros/jazzy/opt/gz_common_vendor:/opt/ros/jazzy/opt/gz_math_vendor:/opt/ros/jazzy/opt/gz_utils_vendor:/opt/ros/jazzy/opt/gz_tools_vendor:/opt/ros/jazzy/opt/gz_ogre_next_vendor:/opt/ros/jazzy/opt/gz_dartsim_vendor:/opt/ros/jazzy/opt/gz_cmake_vendor DEBUGINFOD_URLS=https://debuginfod.ubuntu.com /usr/bin/cmake --build /home/kartik/li_bot/build/libot_description -- -j16 -l16
[0.586s] DEBUG:colcon.colcon_core.event_handler.log_command:Invoking command in '/home/kartik/li_bot/build/libot_description': CMAKE_PREFIX_PATH=/home/kartik/li_bot/install/libot_description:/home/kartik/li_bot/install/libot_bringup:/home/kartik/hamr_ws/install/hamr_uros_bridge:/home/kartik/hamr_ws/install/hamr_teleop:/home/kartik/hamr_ws/install/hamr_realsense_terrain:/home/kartik/hamr_ws/install/hamr_pcl_generator:/home/kartik/hamr_ws/install/hamr_control_cpp:/home/kartik/hamr_ws/install/hamr_interfaces:/home/kartik/hamr_ws/install/hamr_gimbal_control:/home/kartik/hamr_ws/install/hamr_description:/home/kartik/hamr_ws/install/hamr_bringup:/home/kartik/hamr_ws/install/convex_plane_decomposition_ros:/home/kartik/li_bot/install/li_bot_bringup:/home/kartik/hamr_ws/install/reference_trajectory:/home/kartik/hamr_ws/install/hamr_control:/home/kartik/hamr_ws/install/compa_control_py:/opt/ros/jazzy:/home/kartik/hamr_ws/install/convex_plane_decomposition:/home/kartik/hamr_ws/install/grid_map_filters_rsl:/home/kartik/hamr_ws/install/elevation_mapping_cupy:/home/kartik/hamr_ws/install/elevation_map_msgs:/home/kartik/hamr_ws/install/convex_plane_decomposition_msgs:/home/kartik/hamr_ws/install/compa_description:/home/kartik/hamr_ws/install/cgal5_ament:/home/kartik/RL_uav_ws/install/uav_teleop_node:/home/kartik/RL_uav_ws/install/uav_rl_agent:/home/kartik/RL_uav_ws/install/uav_msp_bridge:/home/kartik/RL_uav_ws/install/uav_control_cpp:/opt/ros/jazzy/opt/gz_sim_vendor:/opt/ros/jazzy/opt/gz_sensors_vendor:/opt/ros/jazzy/opt/gz_physics_vendor:/opt/ros/jazzy/opt/sdformat_vendor:/opt/ros/jazzy/opt/gz_gui_vendor:/opt/ros/jazzy/opt/gz_transport_vendor:/opt/ros/jazzy/opt/gz_rendering_vendor:/opt/ros/jazzy/opt/gz_plugin_vendor:/opt/ros/jazzy/opt/gz_fuel_tools_vendor:/opt/ros/jazzy/opt/gz_msgs_vendor:/opt/ros/jazzy/opt/gz_common_vendor:/opt/ros/jazzy/opt/gz_math_vendor:/opt/ros/jazzy/opt/gz_utils_vendor:/opt/ros/jazzy/opt/gz_tools_vendor:/opt/ros/jazzy/opt/gz_ogre_next_vendor:/opt/ros/jazzy/opt/gz_dartsim_vendor:/opt/ros/jazzy/opt/gz_cmake_vendor DEBUGINFOD_URLS=https://debuginfod.ubuntu.com /usr/bin/cmake --install /home/kartik/li_bot/build/libot_description
[0.610s] Level 1:colcon.colcon_core.environment:create_environment_scripts_only(libot_bringup)
[0.610s] DEBUG:colcon.colcon_core.event_handler.log_command:Invoked command in '/home/kartik/li_bot/build/libot_bringup' returned '0': CMAKE_PREFIX_PATH=/home/kartik/li_bot/install/libot_description:/home/kartik/li_bot/install/libot_bringup:/home/kartik/hamr_ws/install/hamr_uros_bridge:/home/kartik/hamr_ws/install/hamr_teleop:/home/kartik/hamr_ws/install/hamr_realsense_terrain:/home/kartik/hamr_ws/install/hamr_pcl_generator:/home/kartik/hamr_ws/install/hamr_control_cpp:/home/kartik/hamr_ws/install/hamr_interfaces:/home/kartik/hamr_ws/install/hamr_gimbal_control:/home/kartik/hamr_ws/install/hamr_description:/home/kartik/hamr_ws/install/hamr_bringup:/home/kartik/hamr_ws/install/convex_plane_decomposition_ros:/home/kartik/li_bot/install/li_bot_bringup:/home/kartik/hamr_ws/install/reference_trajectory:/home/kartik/hamr_ws/install/hamr_control:/home/kartik/hamr_ws/install/compa_control_py:/opt/ros/jazzy:/home/kartik/hamr_ws/install/convex_plane_decomposition:/home/kartik/hamr_ws/install/grid_map_filters_rsl:/home/kartik/hamr_ws/install/elevation_mapping_cupy:/home/kartik/hamr_ws/install/elevation_map_msgs:/home/kartik/hamr_ws/install/convex_plane_decomposition_msgs:/home/kartik/hamr_ws/install/compa_description:/home/kartik/hamr_ws/install/cgal5_ament:/home/kartik/RL_uav_ws/install/uav_teleop_node:/home/kartik/RL_uav_ws/install/uav_rl_agent:/home/kartik/RL_uav_ws/install/uav_msp_bridge:/home/kartik/RL_uav_ws/install/uav_control_cpp:/opt/ros/jazzy/opt/gz_sim_vendor:/opt/ros/jazzy/opt/gz_sensors_vendor:/opt/ros/jazzy/opt/gz_physics_vendor:/opt/ros/jazzy/opt/sdformat_vendor:/opt/ros/jazzy/opt/gz_gui_vendor:/opt/ros/jazzy/opt/gz_transport_vendor:/opt/ros/jazzy/opt/gz_rendering_vendor:/opt/ros/jazzy/opt/gz_plugin_vendor:/opt/ros/jazzy/opt/gz_fuel_tools_vendor:/opt/ros/jazzy/opt/gz_msgs_vendor:/opt/ros/jazzy/opt/gz_common_vendor:/opt/ros/jazzy/opt/gz_math_vendor:/opt/ros/jazzy/opt/gz_utils_vendor:/opt/ros/jazzy/opt/gz_tools_vendor:/opt/ros/jazzy/opt/gz_ogre_next_vendor:/opt/ros/jazzy/opt/gz_dartsim_vendor:/opt/ros/jazzy/opt/gz_cmake_vendor DEBUGINFOD_URLS=https://debuginfod.ubuntu.com /usr/bin/cmake --install /home/kartik/li_bot/build/libot_bringup
[0.612s] Level 1:colcon.colcon_core.environment:checking '/home/kartik/li_bot/install/libot_bringup' for CMake module files
[0.612s] Level 1:colcon.colcon_core.environment:checking '/home/kartik/li_bot/install/libot_bringup' for CMake config files
[0.613s] Level 1:colcon.colcon_core.shell:create_environment_hook('libot_bringup', 'cmake_prefix_path')
[0.613s] INFO:colcon.colcon_core.shell:Creating environment hook '/home/kartik/li_bot/install/libot_bringup/share/libot_bringup/hook/cmake_prefix_path.ps1'
[0.613s] INFO:colcon.colcon_core.shell:Creating environment descriptor '/home/kartik/li_bot/install/libot_bringup/share/libot_bringup/hook/cmake_prefix_path.dsv'
[0.614s] INFO:colcon.colcon_core.shell:Creating environment hook '/home/kartik/li_bot/install/libot_bringup/share/libot_bringup/hook/cmake_prefix_path.sh'
[0.615s] Level 1:colcon.colcon_core.environment:checking '/home/kartik/li_bot/install/libot_bringup/bin'
[0.615s] Level 1:colcon.colcon_core.environment:checking '/home/kartik/li_bot/install/libot_bringup/lib/pkgconfig/libot_bringup.pc'
[0.615s] Level 1:colcon.colcon_core.environment:checking '/home/kartik/li_bot/install/libot_bringup/lib/python3.12/site-packages'
[0.615s] Level 1:colcon.colcon_core.environment:checking '/home/kartik/li_bot/install/libot_bringup/bin'
[0.615s] INFO:colcon.colcon_core.shell:Creating package script '/home/kartik/li_bot/install/libot_bringup/share/libot_bringup/package.ps1'
[0.616s] INFO:colcon.colcon_core.shell:Creating package descriptor '/home/kartik/li_bot/install/libot_bringup/share/libot_bringup/package.dsv'
[0.616s] INFO:colcon.colcon_core.shell:Creating package script '/home/kartik/li_bot/install/libot_bringup/share/libot_bringup/package.sh'
[0.616s] INFO:colcon.colcon_core.shell:Creating package script '/home/kartik/li_bot/install/libot_bringup/share/libot_bringup/package.bash'
[0.617s] INFO:colcon.colcon_core.shell:Creating package script '/home/kartik/li_bot/install/libot_bringup/share/libot_bringup/package.zsh'
[0.617s] Level 1:colcon.colcon_core.environment:create_file_with_runtime_dependencies(/home/kartik/li_bot/install/libot_bringup/share/colcon-core/packages/libot_bringup)
[0.617s] Level 1:colcon.colcon_core.environment:create_environment_scripts_only(libot_bringup)
[0.617s] Level 1:colcon.colcon_core.environment:checking '/home/kartik/li_bot/install/libot_bringup' for CMake module files
[0.618s] Level 1:colcon.colcon_core.environment:checking '/home/kartik/li_bot/install/libot_bringup' for CMake config files
[0.618s] Level 1:colcon.colcon_core.shell:create_environment_hook('libot_bringup', 'cmake_prefix_path')
[0.618s] INFO:colcon.colcon_core.shell:Creating environment hook '/home/kartik/li_bot/install/libot_bringup/share/libot_bringup/hook/cmake_prefix_path.ps1'
[0.618s] INFO:colcon.colcon_core.shell:Creating environment descriptor '/home/kartik/li_bot/install/libot_bringup/share/libot_bringup/hook/cmake_prefix_path.dsv'
[0.618s] INFO:colcon.colcon_core.shell:Creating environment hook '/home/kartik/li_bot/install/libot_bringup/share/libot_bringup/hook/cmake_prefix_path.sh'
[0.619s] Level 1:colcon.colcon_core.environment:checking '/home/kartik/li_bot/install/libot_bringup/bin'
[0.619s] Level 1:colcon.colcon_core.environment:checking '/home/kartik/li_bot/install/libot_bringup/lib/pkgconfig/libot_bringup.pc'
[0.619s] Level 1:colcon.colcon_core.environment:checking '/home/kartik/li_bot/install/libot_bringup/lib/python3.12/site-packages'
[0.619s] Level 1:colcon.colcon_core.environment:checking '/home/kartik/li_bot/install/libot_bringup/bin'
[0.619s] INFO:colcon.colcon_core.shell:Creating package script '/home/kartik/li_bot/install/libot_bringup/share/libot_bringup/package.ps1'
[0.620s] INFO:colcon.colcon_core.shell:Creating package descriptor '/home/kartik/li_bot/install/libot_bringup/share/libot_bringup/package.dsv'
[0.620s] INFO:colcon.colcon_core.shell:Creating package script '/home/kartik/li_bot/install/libot_bringup/share/libot_bringup/package.sh'
[0.620s] INFO:colcon.colcon_core.shell:Creating package script '/home/kartik/li_bot/install/libot_bringup/share/libot_bringup/package.bash'
[0.620s] INFO:colcon.colcon_core.shell:Creating package script '/home/kartik/li_bot/install/libot_bringup/share/libot_bringup/package.zsh'
[0.620s] Level 1:colcon.colcon_core.environment:create_file_with_runtime_dependencies(/home/kartik/li_bot/install/libot_bringup/share/colcon-core/packages/libot_bringup)
[0.621s] Level 1:colcon.colcon_core.environment:create_environment_scripts_only(libot_description)
[0.622s] Level 1:colcon.colcon_core.environment:checking '/home/kartik/li_bot/install/libot_description' for CMake module files
[0.622s] DEBUG:colcon.colcon_core.event_handler.log_command:Invoked command in '/home/kartik/li_bot/build/libot_description' returned '0': CMAKE_PREFIX_PATH=/home/kartik/li_bot/install/libot_description:/home/kartik/li_bot/install/libot_bringup:/home/kartik/hamr_ws/install/hamr_uros_bridge:/home/kartik/hamr_ws/install/hamr_teleop:/home/kartik/hamr_ws/install/hamr_realsense_terrain:/home/kartik/hamr_ws/install/hamr_pcl_generator:/home/kartik/hamr_ws/install/hamr_control_cpp:/home/kartik/hamr_ws/install/hamr_interfaces:/home/kartik/hamr_ws/install/hamr_gimbal_control:/home/kartik/hamr_ws/install/hamr_description:/home/kartik/hamr_ws/install/hamr_bringup:/home/kartik/hamr_ws/install/convex_plane_decomposition_ros:/home/kartik/li_bot/install/li_bot_bringup:/home/kartik/hamr_ws/install/reference_trajectory:/home/kartik/hamr_ws/install/hamr_control:/home/kartik/hamr_ws/install/compa_control_py:/opt/ros/jazzy:/home/kartik/hamr_ws/install/convex_plane_decomposition:/home/kartik/hamr_ws/install/grid_map_filters_rsl:/home/kartik/hamr_ws/install/elevation_mapping_cupy:/home/kartik/hamr_ws/install/elevation_map_msgs:/home/kartik/hamr_ws/install/convex_plane_decomposition_msgs:/home/kartik/hamr_ws/install/compa_description:/home/kartik/hamr_ws/install/cgal5_ament:/home/kartik/RL_uav_ws/install/uav_teleop_node:/home/kartik/RL_uav_ws/install/uav_rl_agent:/home/kartik/RL_uav_ws/install/uav_msp_bridge:/home/kartik/RL_uav_ws/install/uav_control_cpp:/opt/ros/jazzy/opt/gz_sim_vendor:/opt/ros/jazzy/opt/gz_sensors_vendor:/opt/ros/jazzy/opt/gz_physics_vendor:/opt/ros/jazzy/opt/sdformat_vendor:/opt/ros/jazzy/opt/gz_gui_vendor:/opt/ros/jazzy/opt/gz_transport_vendor:/opt/ros/jazzy/opt/gz_rendering_vendor:/opt/ros/jazzy/opt/gz_plugin_vendor:/opt/ros/jazzy/opt/gz_fuel_tools_vendor:/opt/ros/jazzy/opt/gz_msgs_vendor:/opt/ros/jazzy/opt/gz_common_vendor:/opt/ros/jazzy/opt/gz_math_vendor:/opt/ros/jazzy/opt/gz_utils_vendor:/opt/ros/jazzy/opt/gz_tools_vendor:/opt/ros/jazzy/opt/gz_ogre_next_vendor:/opt/ros/jazzy/opt/gz_dartsim_vendor:/opt/ros/jazzy/opt/gz_cmake_vendor DEBUGINFOD_URLS=https://debuginfod.ubuntu.com /usr/bin/cmake --install /home/kartik/li_bot/build/libot_description
[0.622s] Level 1:colcon.colcon_core.environment:checking '/home/kartik/li_bot/install/libot_description' for CMake config files
[0.622s] Level 1:colcon.colcon_core.shell:create_environment_hook('libot_description', 'cmake_prefix_path')
[0.622s] INFO:colcon.colcon_core.shell:Creating environment hook '/home/kartik/li_bot/install/libot_description/share/libot_description/hook/cmake_prefix_path.ps1'
[0.623s] INFO:colcon.colcon_core.shell:Creating environment descriptor '/home/kartik/li_bot/install/libot_description/share/libot_description/hook/cmake_prefix_path.dsv'
[0.623s] INFO:colcon.colcon_core.shell:Creating environment hook '/home/kartik/li_bot/install/libot_description/share/libot_description/hook/cmake_prefix_path.sh'
[0.623s] Level 1:colcon.colcon_core.environment:checking '/home/kartik/li_bot/install/libot_description/bin'
[0.623s] Level 1:colcon.colcon_core.environment:checking '/home/kartik/li_bot/install/libot_description/lib/pkgconfig/libot_description.pc'
[0.623s] Level 1:colcon.colcon_core.environment:checking '/home/kartik/li_bot/install/libot_description/lib/python3.12/site-packages'
[0.624s] Level 1:colcon.colcon_core.environment:checking '/home/kartik/li_bot/install/libot_description/bin'
[0.624s] INFO:colcon.colcon_core.shell:Creating package script '/home/kartik/li_bot/install/libot_description/share/libot_description/package.ps1'
[0.624s] INFO:colcon.colcon_core.shell:Creating package descriptor '/home/kartik/li_bot/install/libot_description/share/libot_description/package.dsv'
[0.624s] INFO:colcon.colcon_core.shell:Creating package script '/home/kartik/li_bot/install/libot_description/share/libot_description/package.sh'
[0.624s] INFO:colcon.colcon_core.shell:Creating package script '/home/kartik/li_bot/install/libot_description/share/libot_description/package.bash'
[0.624s] INFO:colcon.colcon_core.shell:Creating package script '/home/kartik/li_bot/install/libot_description/share/libot_description/package.zsh'
[0.625s] Level 1:colcon.colcon_core.environment:create_file_with_runtime_dependencies(/home/kartik/li_bot/install/libot_description/share/colcon-core/packages/libot_description)
[0.625s] Level 1:colcon.colcon_core.environment:create_environment_scripts_only(libot_description)
[0.625s] Level 1:colcon.colcon_core.environment:checking '/home/kartik/li_bot/install/libot_description' for CMake module files
[0.625s] Level 1:colcon.colcon_core.environment:checking '/home/kartik/li_bot/install/libot_description' for CMake config files
[0.625s] Level 1:colcon.colcon_core.shell:create_environment_hook('libot_description', 'cmake_prefix_path')
[0.625s] INFO:colcon.colcon_core.shell:Creating environment hook '/home/kartik/li_bot/install/libot_description/share/libot_description/hook/cmake_prefix_path.ps1'
[0.626s] INFO:colcon.colcon_core.shell:Creating environment descriptor '/home/kartik/li_bot/install/libot_description/share/libot_description/hook/cmake_prefix_path.dsv'
[0.626s] INFO:colcon.colcon_core.shell:Creating environment hook '/home/kartik/li_bot/install/libot_description/share/libot_description/hook/cmake_prefix_path.sh'
[0.626s] Level 1:colcon.colcon_core.environment:checking '/home/kartik/li_bot/install/libot_description/bin'
[0.626s] Level 1:colcon.colcon_core.environment:checking '/home/kartik/li_bot/install/libot_description/lib/pkgconfig/libot_description.pc'
[0.626s] Level 1:colcon.colcon_core.environment:checking '/home/kartik/li_bot/install/libot_description/lib/python3.12/site-packages'
[0.626s] Level 1:colcon.colcon_core.environment:checking '/home/kartik/li_bot/install/libot_description/bin'
[0.627s] INFO:colcon.colcon_core.shell:Creating package script '/home/kartik/li_bot/install/libot_description/share/libot_description/package.ps1'
[0.627s] INFO:colcon.colcon_core.shell:Creating package descriptor '/home/kartik/li_bot/install/libot_description/share/libot_description/package.dsv'
[0.627s] INFO:colcon.colcon_core.shell:Creating package script '/home/kartik/li_bot/install/libot_description/share/libot_description/package.sh'
[0.627s] INFO:colcon.colcon_core.shell:Creating package script '/home/kartik/li_bot/install/libot_description/share/libot_description/package.bash'
[0.628s] INFO:colcon.colcon_core.shell:Creating package script '/home/kartik/li_bot/install/libot_description/share/libot_description/package.zsh'
[0.628s] Level 1:colcon.colcon_core.environment:create_file_with_runtime_dependencies(/home/kartik/li_bot/install/libot_description/share/colcon-core/packages/libot_description)
[0.981s] DEBUG:colcon.colcon_core.event_handler.log_command:Invoking command in '/home/kartik/li_bot/build/li_bot_bringup': DEBUGINFOD_URLS=https://debuginfod.ubuntu.com PYTHONPATH=/home/kartik/li_bot/build/li_bot_bringup/prefix_override:/usr/lib/python3/dist-packages/colcon_core/task/python/colcon_distutils_commands:/home/kartik/li_bot/install/li_bot_bringup/lib/python3.12/site-packages:${PYTHONPATH} /usr/bin/python3 -W ignore:setup.py install is deprecated -W ignore:easy_install command is deprecated setup.py develop --editable --build-directory /home/kartik/li_bot/build/li_bot_bringup/build --no-deps symlink_data
[1.442s] Level 1:colcon.colcon_core.shell:create_environment_hook('li_bot_bringup', 'pythonpath_develop')
[1.442s] INFO:colcon.colcon_core.shell:Creating environment hook '/home/kartik/li_bot/build/li_bot_bringup/share/li_bot_bringup/hook/pythonpath_develop.ps1'
[1.443s] DEBUG:colcon.colcon_core.event_handler.log_command:Invoked command in '/home/kartik/li_bot/build/li_bot_bringup' returned '0': DEBUGINFOD_URLS=https://debuginfod.ubuntu.com PYTHONPATH=/home/kartik/li_bot/build/li_bot_bringup/prefix_override:/usr/lib/python3/dist-packages/colcon_core/task/python/colcon_distutils_commands:/home/kartik/li_bot/install/li_bot_bringup/lib/python3.12/site-packages:${PYTHONPATH} /usr/bin/python3 -W ignore:setup.py install is deprecated -W ignore:easy_install command is deprecated setup.py develop --editable --build-directory /home/kartik/li_bot/build/li_bot_bringup/build --no-deps symlink_data
[1.443s] INFO:colcon.colcon_core.shell:Creating environment descriptor '/home/kartik/li_bot/build/li_bot_bringup/share/li_bot_bringup/hook/pythonpath_develop.dsv'
[1.443s] INFO:colcon.colcon_core.shell:Creating environment hook '/home/kartik/li_bot/build/li_bot_bringup/share/li_bot_bringup/hook/pythonpath_develop.sh'
[1.444s] Level 1:colcon.colcon_core.environment:checking '/home/kartik/li_bot/install/li_bot_bringup' for CMake module files
[1.444s] Level 1:colcon.colcon_core.environment:checking '/home/kartik/li_bot/install/li_bot_bringup' for CMake config files
[1.444s] Level 1:colcon.colcon_core.environment:checking '/home/kartik/li_bot/install/li_bot_bringup/lib'
[1.444s] Level 1:colcon.colcon_core.environment:checking '/home/kartik/li_bot/install/li_bot_bringup/bin'
[1.444s] Level 1:colcon.colcon_core.environment:checking '/home/kartik/li_bot/install/li_bot_bringup/lib/pkgconfig/li_bot_bringup.pc'
[1.444s] Level 1:colcon.colcon_core.environment:checking '/home/kartik/li_bot/install/li_bot_bringup/lib/python3.12/site-packages'
[1.445s] Level 1:colcon.colcon_core.shell:create_environment_hook('li_bot_bringup', 'pythonpath')
[1.445s] INFO:colcon.colcon_core.shell:Creating environment hook '/home/kartik/li_bot/install/li_bot_bringup/share/li_bot_bringup/hook/pythonpath.ps1'
[1.445s] INFO:colcon.colcon_core.shell:Creating environment descriptor '/home/kartik/li_bot/install/li_bot_bringup/share/li_bot_bringup/hook/pythonpath.dsv'
[1.445s] INFO:colcon.colcon_core.shell:Creating environment hook '/home/kartik/li_bot/install/li_bot_bringup/share/li_bot_bringup/hook/pythonpath.sh'
[1.445s] Level 1:colcon.colcon_core.environment:checking '/home/kartik/li_bot/install/li_bot_bringup/bin'
[1.445s] Level 1:colcon.colcon_core.environment:create_environment_scripts_only(li_bot_bringup)
[1.446s] INFO:colcon.colcon_core.shell:Creating package script '/home/kartik/li_bot/install/li_bot_bringup/share/li_bot_bringup/package.ps1'
[1.446s] INFO:colcon.colcon_core.shell:Creating package descriptor '/home/kartik/li_bot/install/li_bot_bringup/share/li_bot_bringup/package.dsv'
[1.446s] INFO:colcon.colcon_core.shell:Creating package script '/home/kartik/li_bot/install/li_bot_bringup/share/li_bot_bringup/package.sh'
[1.446s] INFO:colcon.colcon_core.shell:Creating package script '/home/kartik/li_bot/install/li_bot_bringup/share/li_bot_bringup/package.bash'
[1.447s] INFO:colcon.colcon_core.shell:Creating package script '/home/kartik/li_bot/install/li_bot_bringup/share/li_bot_bringup/package.zsh'
[1.447s] Level 1:colcon.colcon_core.environment:create_file_with_runtime_dependencies(/home/kartik/li_bot/install/li_bot_bringup/share/colcon-core/packages/li_bot_bringup)
[1.447s] DEBUG:colcon.colcon_parallel_executor.executor.parallel:closing loop
[1.447s] DEBUG:colcon.colcon_parallel_executor.executor.parallel:loop closed
[1.448s] DEBUG:colcon.colcon_parallel_executor.executor.parallel:run_until_complete finished with '0'
[1.448s] DEBUG:colcon.colcon_core.event_reactor:joining thread
[1.452s] INFO:colcon.colcon_core.plugin_system:Skipping extension 'colcon_notification.desktop_notification.terminal_notifier': Not used on non-Darwin systems
[1.452s] INFO:colcon.colcon_core.plugin_system:Skipping extension 'colcon_notification.desktop_notification.win32': Not used on non-Windows systems
[1.452s] INFO:colcon.colcon_notification.desktop_notification:Sending desktop notification using 'notify2'
[1.462s] DEBUG:colcon.colcon_core.event_reactor:joined thread
[1.462s] INFO:colcon.colcon_core.shell:Creating prefix script '/home/kartik/li_bot/install/local_setup.ps1'
[1.462s] INFO:colcon.colcon_core.shell:Creating prefix util module '/home/kartik/li_bot/install/_local_setup_util_ps1.py'
[1.463s] INFO:colcon.colcon_core.shell:Creating prefix chain script '/home/kartik/li_bot/install/setup.ps1'
[1.464s] INFO:colcon.colcon_core.shell:Creating prefix script '/home/kartik/li_bot/install/local_setup.sh'
[1.464s] INFO:colcon.colcon_core.shell:Creating prefix util module '/home/kartik/li_bot/install/_local_setup_util_sh.py'
[1.465s] INFO:colcon.colcon_core.shell:Creating prefix chain script '/home/kartik/li_bot/install/setup.sh'
[1.466s] INFO:colcon.colcon_core.shell:Creating prefix script '/home/kartik/li_bot/install/local_setup.bash'
[1.466s] INFO:colcon.colcon_core.shell:Creating prefix chain script '/home/kartik/li_bot/install/setup.bash'
[1.467s] INFO:colcon.colcon_core.shell:Creating prefix script '/home/kartik/li_bot/install/local_setup.zsh'
[1.468s] INFO:colcon.colcon_core.shell:Creating prefix chain script '/home/kartik/li_bot/install/setup.zsh'
